2023-11-24T09:34:25.757-05:00  WARN 21572 --- [HikariPool-1 housekeeper] com.zaxxer.hikari.pool.HikariPool        : HikariPool-1 - Thread starvation or clock leap detected (housekeeper delta=12h24m44s289ms368µs).
2023-11-24T18:46:13.326-05:00  WARN 21572 --- [HikariPool-1 housekeeper] com.zaxxer.hikari.pool.HikariPool        : HikariPool-1 - Thread starvation or clock leap detected (housekeeper delta=48m8s492ms927µs200ns).
2023-11-24T19:25:44.273-05:00  WARN 21572 --- [HikariPool-1 housekeeper] com.zaxxer.hikari.pool.HikariPool        : HikariPool-1 - Thread starvation or clock leap detected (housekeeper delta=3m30s375ms479µs600ns).
2023-11-24T22:32:30.746-05:00  INFO 21572 --- [SpringApplicationShutdownHook] j.LocalContainerEntityManagerFactoryBean : Closing JPA EntityManagerFactory for persistence unit 'default'
2023-11-24T22:32:30.775-05:00  INFO 21572 --- [SpringApplicationShutdownHook] com.zaxxer.hikari.HikariDataSource       : HikariPool-1 - Shutdown initiated...
2023-11-24T22:32:30.782-05:00  INFO 21572 --- [SpringApplicationShutdownHook] com.zaxxer.hikari.HikariDataSource       : HikariPool-1 - Shutdown completed.
2023-11-24T22:32:39.809-05:00  INFO 28932 --- [restartedMain] c.f.s.FinnazenApirestBackedApplication   : Starting FinnazenApirestBackedApplication using Java 17.0.5 with PID 28932 (C:\Users\Oscar Jesus Sanabria\Documents\GitHub\Projects-Jav-springboot\FINNAN-ZEN-SpringBoot-Angular\1-Finanzen-inicio\finnanzen-apirest-backed\target\classes started by Oscar Jesus Sanabria in C:\Users\Oscar Jesus Sanabria\Documents\GitHub\Projects-Jav-springboot\FINNAN-ZEN-SpringBoot-Angular\1-Finanzen-inicio\finnanzen-apirest-backed)
2023-11-24T22:32:39.812-05:00  INFO 28932 --- [restartedMain] c.f.s.FinnazenApirestBackedApplication   : No active profile set, falling back to 1 default profile: "default"
2023-11-24T22:32:39.865-05:00  INFO 28932 --- [restartedMain] .e.DevToolsPropertyDefaultsPostProcessor : Devtools property defaults active! Set 'spring.devtools.add-properties' to 'false' to disable
2023-11-24T22:32:39.865-05:00  INFO 28932 --- [restartedMain] .e.DevToolsPropertyDefaultsPostProcessor : For additional web related logging consider setting the 'logging.level.web' property to 'DEBUG'
2023-11-24T22:32:41.000-05:00  INFO 28932 --- [restartedMain] .s.d.r.c.RepositoryConfigurationDelegate : Bootstrapping Spring Data JPA repositories in DEFAULT mode.
2023-11-24T22:32:41.108-05:00  INFO 28932 --- [restartedMain] .s.d.r.c.RepositoryConfigurationDelegate : Finished Spring Data repository scanning in 99 ms. Found 9 JPA repository interfaces.
2023-11-24T22:32:41.937-05:00  INFO 28932 --- [restartedMain] o.s.b.w.embedded.tomcat.TomcatWebServer  : Tomcat initialized with port(s): 8080 (http)
2023-11-24T22:32:41.950-05:00  INFO 28932 --- [restartedMain] o.apache.catalina.core.StandardService   : Starting service [Tomcat]
2023-11-24T22:32:41.950-05:00  INFO 28932 --- [restartedMain] o.apache.catalina.core.StandardEngine    : Starting Servlet engine: [Apache Tomcat/10.1.8]
2023-11-24T22:32:42.024-05:00  INFO 28932 --- [restartedMain] o.a.c.c.C.[Tomcat].[localhost].[/]       : Initializing Spring embedded WebApplicationContext
2023-11-24T22:32:42.025-05:00  INFO 28932 --- [restartedMain] w.s.c.ServletWebServerApplicationContext : Root WebApplicationContext: initialization completed in 2158 ms
2023-11-24T22:32:42.225-05:00  INFO 28932 --- [restartedMain] o.hibernate.jpa.internal.util.LogHelper  : HHH000204: Processing PersistenceUnitInfo [name: default]
2023-11-24T22:32:42.301-05:00  INFO 28932 --- [restartedMain] org.hibernate.Version                    : HHH000412: Hibernate ORM core version 6.1.7.Final
2023-11-24T22:32:42.636-05:00  INFO 28932 --- [restartedMain] com.zaxxer.hikari.HikariDataSource       : HikariPool-1 - Starting...
2023-11-24T22:32:42.772-05:00  INFO 28932 --- [restartedMain] com.zaxxer.hikari.pool.HikariPool        : HikariPool-1 - Added connection com.mysql.cj.jdbc.ConnectionImpl@468162ed
2023-11-24T22:32:42.773-05:00  INFO 28932 --- [restartedMain] com.zaxxer.hikari.HikariDataSource       : HikariPool-1 - Start completed.
2023-11-24T22:32:42.821-05:00  WARN 28932 --- [restartedMain] org.hibernate.dialect.Dialect            : HHH000511: The 5.5.0 version for [org.hibernate.dialect.MySQLDialect] is no longer supported, hence certain features may not work properly. The minimum supported version is 5.7.0. Check the community dialects project for available legacy versions.
2023-11-24T22:32:42.827-05:00  INFO 28932 --- [restartedMain] SQL dialect                              : HHH000400: Using dialect: org.hibernate.dialect.MySQLDialect
2023-11-24T22:32:43.938-05:00  INFO 28932 --- [restartedMain] o.h.e.t.j.p.i.JtaPlatformInitiator       : HHH000490: Using JtaPlatform implementation: [org.hibernate.engine.transaction.jta.platform.internal.NoJtaPlatform]
2023-11-24T22:32:43.946-05:00  INFO 28932 --- [restartedMain] j.LocalContainerEntityManagerFactoryBean : Initialized JPA EntityManagerFactory for persistence unit 'default'
2023-11-24T22:32:44.651-05:00  WARN 28932 --- [restartedMain] JpaBaseConfiguration$JpaWebConfiguration : spring.jpa.open-in-view is enabled by default. Therefore, database queries may be performed during view rendering. Explicitly configure spring.jpa.open-in-view to disable this warning
2023-11-24T22:32:44.929-05:00  INFO 28932 --- [restartedMain] o.s.b.d.a.OptionalLiveReloadServer       : LiveReload server is running on port 35729
2023-11-24T22:32:44.968-05:00  INFO 28932 --- [restartedMain] o.s.b.w.embedded.tomcat.TomcatWebServer  : Tomcat started on port(s): 8080 (http) with context path ''
2023-11-24T22:32:44.977-05:00  INFO 28932 --- [restartedMain] c.f.s.FinnazenApirestBackedApplication   : Started FinnazenApirestBackedApplication in 5.546 seconds (process running for 6.99)
2023-11-24T22:32:56.748-05:00  INFO 28932 --- [http-nio-8080-exec-1] o.a.c.c.C.[Tomcat].[localhost].[/]       : Initializing Spring DispatcherServlet 'dispatcherServlet'
2023-11-24T22:32:56.749-05:00  INFO 28932 --- [http-nio-8080-exec-1] o.s.web.servlet.DispatcherServlet        : Initializing Servlet 'dispatcherServlet'
2023-11-24T22:32:56.751-05:00  INFO 28932 --- [http-nio-8080-exec-1] o.s.web.servlet.DispatcherServlet        : Completed initialization in 2 ms
2023-11-24T22:34:20.756-05:00 ERROR 28932 --- [http-nio-8080-exec-3] c.f.s.controller.UserController          : Error al buscar el usuario por ID.

com.finnazen.springbootapirestbacked.exceptions.ResourceNotFoundException: null
	at com.finnazen.springbootapirestbacked.service.impl.UserServiceImpl.findByIdUser(UserServiceImpl.java:34) ~[classes/:na]
	at com.finnazen.springbootapirestbacked.controller.UserController.findByIdUser(UserController.java:58) ~[classes/:na]
	at java.base/jdk.internal.reflect.NativeMethodAccessorImpl.invoke0(Native Method) ~[na:na]
	at java.base/jdk.internal.reflect.NativeMethodAccessorImpl.invoke(NativeMethodAccessorImpl.java:77) ~[na:na]
	at java.base/jdk.internal.reflect.DelegatingMethodAccessorImpl.invoke(DelegatingMethodAccessorImpl.java:43) ~[na:na]
	at java.base/java.lang.reflect.Method.invoke(Method.java:568) ~[na:na]
	at org.springframework.web.method.support.InvocableHandlerMethod.doInvoke(InvocableHandlerMethod.java:207) ~[spring-web-6.0.8.jar:6.0.8]
	at org.springframework.web.method.support.InvocableHandlerMethod.invokeForRequest(InvocableHandlerMethod.java:152) ~[spring-web-6.0.8.jar:6.0.8]
	at org.springframework.web.servlet.mvc.method.annotation.ServletInvocableHandlerMethod.invokeAndHandle(ServletInvocableHandlerMethod.java:118) ~[spring-webmvc-6.0.8.jar:6.0.8]
	at org.springframework.web.servlet.mvc.method.annotation.RequestMappingHandlerAdapter.invokeHandlerMethod(RequestMappingHandlerAdapter.java:884) ~[spring-webmvc-6.0.8.jar:6.0.8]
	at org.springframework.web.servlet.mvc.method.annotation.RequestMappingHandlerAdapter.handleInternal(RequestMappingHandlerAdapter.java:797) ~[spring-webmvc-6.0.8.jar:6.0.8]
	at org.springframework.web.servlet.mvc.method.AbstractHandlerMethodAdapter.handle(AbstractHandlerMethodAdapter.java:87) ~[spring-webmvc-6.0.8.jar:6.0.8]
	at org.springframework.web.servlet.DispatcherServlet.doDispatch(DispatcherServlet.java:1081) ~[spring-webmvc-6.0.8.jar:6.0.8]
	at org.springframework.web.servlet.DispatcherServlet.doService(DispatcherServlet.java:974) ~[spring-webmvc-6.0.8.jar:6.0.8]
	at org.springframework.web.servlet.FrameworkServlet.processRequest(FrameworkServlet.java:1011) ~[spring-webmvc-6.0.8.jar:6.0.8]
	at org.springframework.web.servlet.FrameworkServlet.doGet(FrameworkServlet.java:903) ~[spring-webmvc-6.0.8.jar:6.0.8]
	at jakarta.servlet.http.HttpServlet.service(HttpServlet.java:564) ~[tomcat-embed-core-10.1.8.jar:6.0]
	at org.springframework.web.servlet.FrameworkServlet.service(FrameworkServlet.java:885) ~[spring-webmvc-6.0.8.jar:6.0.8]
	at jakarta.servlet.http.HttpServlet.service(HttpServlet.java:658) ~[tomcat-embed-core-10.1.8.jar:6.0]
	at org.apache.catalina.core.ApplicationFilterChain.internalDoFilter(ApplicationFilterChain.java:205) ~[tomcat-embed-core-10.1.8.jar:10.1.8]
	at org.apache.catalina.core.ApplicationFilterChain.doFilter(ApplicationFilterChain.java:149) ~[tomcat-embed-core-10.1.8.jar:10.1.8]
	at org.apache.tomcat.websocket.server.WsFilter.doFilter(WsFilter.java:51) ~[tomcat-embed-websocket-10.1.8.jar:10.1.8]
	at org.apache.catalina.core.ApplicationFilterChain.internalDoFilter(ApplicationFilterChain.java:174) ~[tomcat-embed-core-10.1.8.jar:10.1.8]
	at org.apache.catalina.core.ApplicationFilterChain.doFilter(ApplicationFilterChain.java:149) ~[tomcat-embed-core-10.1.8.jar:10.1.8]
	at org.springframework.web.filter.RequestContextFilter.doFilterInternal(RequestContextFilter.java:100) ~[spring-web-6.0.8.jar:6.0.8]
	at org.springframework.web.filter.OncePerRequestFilter.doFilter(OncePerRequestFilter.java:116) ~[spring-web-6.0.8.jar:6.0.8]
	at org.apache.catalina.core.ApplicationFilterChain.internalDoFilter(ApplicationFilterChain.java:174) ~[tomcat-embed-core-10.1.8.jar:10.1.8]
	at org.apache.catalina.core.ApplicationFilterChain.doFilter(ApplicationFilterChain.java:149) ~[tomcat-embed-core-10.1.8.jar:10.1.8]
	at org.springframework.web.filter.FormContentFilter.doFilterInternal(FormContentFilter.java:93) ~[spring-web-6.0.8.jar:6.0.8]
	at org.springframework.web.filter.OncePerRequestFilter.doFilter(OncePerRequestFilter.java:116) ~[spring-web-6.0.8.jar:6.0.8]
	at org.apache.catalina.core.ApplicationFilterChain.internalDoFilter(ApplicationFilterChain.java:174) ~[tomcat-embed-core-10.1.8.jar:10.1.8]
	at org.apache.catalina.core.ApplicationFilterChain.doFilter(ApplicationFilterChain.java:149) ~[tomcat-embed-core-10.1.8.jar:10.1.8]
	at org.springframework.web.filter.CharacterEncodingFilter.doFilterInternal(CharacterEncodingFilter.java:201) ~[spring-web-6.0.8.jar:6.0.8]
	at org.springframework.web.filter.OncePerRequestFilter.doFilter(OncePerRequestFilter.java:116) ~[spring-web-6.0.8.jar:6.0.8]
	at org.apache.catalina.core.ApplicationFilterChain.internalDoFilter(ApplicationFilterChain.java:174) ~[tomcat-embed-core-10.1.8.jar:10.1.8]
	at org.apache.catalina.core.ApplicationFilterChain.doFilter(ApplicationFilterChain.java:149) ~[tomcat-embed-core-10.1.8.jar:10.1.8]
	at org.apache.catalina.core.StandardWrapperValve.invoke(StandardWrapperValve.java:166) ~[tomcat-embed-core-10.1.8.jar:10.1.8]
	at org.apache.catalina.core.StandardContextValve.invoke(StandardContextValve.java:90) ~[tomcat-embed-core-10.1.8.jar:10.1.8]
	at org.apache.catalina.authenticator.AuthenticatorBase.invoke(AuthenticatorBase.java:482) ~[tomcat-embed-core-10.1.8.jar:10.1.8]
	at org.apache.catalina.core.StandardHostValve.invoke(StandardHostValve.java:115) ~[tomcat-embed-core-10.1.8.jar:10.1.8]
	at org.apache.catalina.valves.ErrorReportValve.invoke(ErrorReportValve.java:93) ~[tomcat-embed-core-10.1.8.jar:10.1.8]
	at org.apache.catalina.core.StandardEngineValve.invoke(StandardEngineValve.java:74) ~[tomcat-embed-core-10.1.8.jar:10.1.8]
	at org.apache.catalina.connector.CoyoteAdapter.service(CoyoteAdapter.java:341) ~[tomcat-embed-core-10.1.8.jar:10.1.8]
	at org.apache.coyote.http11.Http11Processor.service(Http11Processor.java:390) ~[tomcat-embed-core-10.1.8.jar:10.1.8]
	at org.apache.coyote.AbstractProcessorLight.process(AbstractProcessorLight.java:63) ~[tomcat-embed-core-10.1.8.jar:10.1.8]
	at org.apache.coyote.AbstractProtocol$ConnectionHandler.process(AbstractProtocol.java:894) ~[tomcat-embed-core-10.1.8.jar:10.1.8]
	at org.apache.tomcat.util.net.NioEndpoint$SocketProcessor.doRun(NioEndpoint.java:1741) ~[tomcat-embed-core-10.1.8.jar:10.1.8]
	at org.apache.tomcat.util.net.SocketProcessorBase.run(SocketProcessorBase.java:52) ~[tomcat-embed-core-10.1.8.jar:10.1.8]
	at org.apache.tomcat.util.threads.ThreadPoolExecutor.runWorker(ThreadPoolExecutor.java:1191) ~[tomcat-embed-core-10.1.8.jar:10.1.8]
	at org.apache.tomcat.util.threads.ThreadPoolExecutor$Worker.run(ThreadPoolExecutor.java:659) ~[tomcat-embed-core-10.1.8.jar:10.1.8]
	at org.apache.tomcat.util.threads.TaskThread$WrappingRunnable.run(TaskThread.java:61) ~[tomcat-embed-core-10.1.8.jar:10.1.8]
	at java.base/java.lang.Thread.run(Thread.java:833) ~[na:na]

2023-11-24T22:36:01.810-05:00  INFO 28932 --- [http-nio-8080-exec-7] c.f.s.controller.ClienteController       : C:\Users\Oscar Jesus Sanabria\Documents\GitHub\Projects-Jav-springboot\FINNAN-ZEN-SpringBoot-Angular\1-Finanzen-inicio\finnanzen-apirest-backed\uploads\87a914f9-b72a-4992-a754-ac8cc9d90887_imagen1.PNG
2023-11-24T22:36:01.880-05:00  INFO 28932 --- [http-nio-8080-exec-10] c.f.s.controller.ClienteController       : C:\Users\Oscar Jesus Sanabria\Documents\GitHub\Projects-Jav-springboot\FINNAN-ZEN-SpringBoot-Angular\1-Finanzen-inicio\finnanzen-apirest-backed\uploads\87a914f9-b72a-4992-a754-ac8cc9d90887_imagen1.PNG
2023-11-24T22:36:28.173-05:00  INFO 28932 --- [http-nio-8080-exec-1] c.f.s.controller.ClienteController       : este es el clientecom.finnazen.springbootapirestbacked.model.Cliente@3bb000fb
