2023-11-22T13:51:53.994-05:00  INFO 5940 --- [restartedMain] c.e.s.SpringbootApirestBackedApplication : Starting SpringbootApirestBackedApplication using Java 17.0.5 with PID 5940 (C:\Users\Oscar Jesus Sanabria\Documents\GitHub\Projects-Jav-springboot\Full-curso-bdb-angular-spring-all\6-creación-perfil-imagenes\springboot-apirest-backed\target\classes started by Oscar Jesus Sanabria in C:\Users\Oscar Jesus Sanabria\Documents\GitHub\Projects-Jav-springboot\Full-curso-bdb-angular-spring-all\6-creación-perfil-imagenes\springboot-apirest-backed)
2023-11-22T13:51:54.003-05:00  INFO 5940 --- [restartedMain] c.e.s.SpringbootApirestBackedApplication : No active profile set, falling back to 1 default profile: "default"
2023-11-22T13:51:54.052-05:00  INFO 5940 --- [restartedMain] .e.DevToolsPropertyDefaultsPostProcessor : Devtools property defaults active! Set 'spring.devtools.add-properties' to 'false' to disable
2023-11-22T13:51:54.052-05:00  INFO 5940 --- [restartedMain] .e.DevToolsPropertyDefaultsPostProcessor : For additional web related logging consider setting the 'logging.level.web' property to 'DEBUG'
2023-11-22T13:51:54.677-05:00  INFO 5940 --- [restartedMain] .s.d.r.c.RepositoryConfigurationDelegate : Bootstrapping Spring Data JPA repositories in DEFAULT mode.
2023-11-22T13:51:54.732-05:00  INFO 5940 --- [restartedMain] .s.d.r.c.RepositoryConfigurationDelegate : Finished Spring Data repository scanning in 48 ms. Found 1 JPA repository interfaces.
2023-11-22T13:51:55.279-05:00  INFO 5940 --- [restartedMain] o.s.b.w.embedded.tomcat.TomcatWebServer  : Tomcat initialized with port(s): 8080 (http)
2023-11-22T13:51:55.288-05:00  INFO 5940 --- [restartedMain] o.apache.catalina.core.StandardService   : Starting service [Tomcat]
2023-11-22T13:51:55.288-05:00  INFO 5940 --- [restartedMain] o.apache.catalina.core.StandardEngine    : Starting Servlet engine: [Apache Tomcat/10.1.8]
2023-11-22T13:51:55.333-05:00  INFO 5940 --- [restartedMain] o.a.c.c.C.[Tomcat].[localhost].[/]       : Initializing Spring embedded WebApplicationContext
2023-11-22T13:51:55.334-05:00  INFO 5940 --- [restartedMain] w.s.c.ServletWebServerApplicationContext : Root WebApplicationContext: initialization completed in 1280 ms
2023-11-22T13:51:55.458-05:00  INFO 5940 --- [restartedMain] o.hibernate.jpa.internal.util.LogHelper  : HHH000204: Processing PersistenceUnitInfo [name: default]
2023-11-22T13:51:55.500-05:00  INFO 5940 --- [restartedMain] org.hibernate.Version                    : HHH000412: Hibernate ORM core version 6.1.7.Final
2023-11-22T13:51:55.710-05:00  INFO 5940 --- [restartedMain] com.zaxxer.hikari.HikariDataSource       : HikariPool-1 - Starting...
2023-11-22T13:51:55.846-05:00  INFO 5940 --- [restartedMain] com.zaxxer.hikari.pool.HikariPool        : HikariPool-1 - Added connection com.mysql.cj.jdbc.ConnectionImpl@5b675439
2023-11-22T13:51:55.847-05:00  INFO 5940 --- [restartedMain] com.zaxxer.hikari.HikariDataSource       : HikariPool-1 - Start completed.
2023-11-22T13:51:55.883-05:00  WARN 5940 --- [restartedMain] org.hibernate.dialect.Dialect            : HHH000511: The 5.5.0 version for [org.hibernate.dialect.MySQLDialect] is no longer supported, hence certain features may not work properly. The minimum supported version is 5.7.0. Check the community dialects project for available legacy versions.
2023-11-22T13:51:55.886-05:00  INFO 5940 --- [restartedMain] SQL dialect                              : HHH000400: Using dialect: org.hibernate.dialect.MySQLDialect
2023-11-22T13:51:56.613-05:00  INFO 5940 --- [restartedMain] o.h.e.t.j.p.i.JtaPlatformInitiator       : HHH000490: Using JtaPlatform implementation: [org.hibernate.engine.transaction.jta.platform.internal.NoJtaPlatform]
2023-11-22T13:51:56.618-05:00  INFO 5940 --- [restartedMain] j.LocalContainerEntityManagerFactoryBean : Initialized JPA EntityManagerFactory for persistence unit 'default'
2023-11-22T13:51:57.097-05:00  WARN 5940 --- [restartedMain] JpaBaseConfiguration$JpaWebConfiguration : spring.jpa.open-in-view is enabled by default. Therefore, database queries may be performed during view rendering. Explicitly configure spring.jpa.open-in-view to disable this warning
2023-11-22T13:51:57.350-05:00  INFO 5940 --- [restartedMain] o.s.b.d.a.OptionalLiveReloadServer       : LiveReload server is running on port 35729
2023-11-22T13:51:57.375-05:00  INFO 5940 --- [restartedMain] o.s.b.w.embedded.tomcat.TomcatWebServer  : Tomcat started on port(s): 8080 (http) with context path ''
2023-11-22T13:51:57.382-05:00  INFO 5940 --- [restartedMain] c.e.s.SpringbootApirestBackedApplication : Started SpringbootApirestBackedApplication in 3.772 seconds (process running for 4.22)
2023-11-22T13:53:11.366-05:00  INFO 5940 --- [SpringApplicationShutdownHook] j.LocalContainerEntityManagerFactoryBean : Closing JPA EntityManagerFactory for persistence unit 'default'
2023-11-22T13:53:11.368-05:00  INFO 5940 --- [SpringApplicationShutdownHook] com.zaxxer.hikari.HikariDataSource       : HikariPool-1 - Shutdown initiated...
2023-11-22T13:53:11.375-05:00  INFO 5940 --- [SpringApplicationShutdownHook] com.zaxxer.hikari.HikariDataSource       : HikariPool-1 - Shutdown completed.
2023-11-22T15:21:15.368-05:00  INFO 16300 --- [restartedMain] c.e.s.SpringbootApirestBackedApplication : Starting SpringbootApirestBackedApplication using Java 17.0.5 with PID 16300 (C:\Users\Oscar Jesus Sanabria\Documents\GitHub\Projects-Jav-springboot\Full-curso-bdb-angular-spring-all\6-creación-perfil-imagenes\springboot-apirest-backed\target\classes started by Oscar Jesus Sanabria in C:\Users\Oscar Jesus Sanabria\Documents\GitHub\Projects-Jav-springboot\Full-curso-bdb-angular-spring-all\6-creación-perfil-imagenes\springboot-apirest-backed)
2023-11-22T15:21:15.373-05:00  INFO 16300 --- [restartedMain] c.e.s.SpringbootApirestBackedApplication : No active profile set, falling back to 1 default profile: "default"
2023-11-22T15:21:15.438-05:00  INFO 16300 --- [restartedMain] .e.DevToolsPropertyDefaultsPostProcessor : Devtools property defaults active! Set 'spring.devtools.add-properties' to 'false' to disable
2023-11-22T15:21:15.439-05:00  INFO 16300 --- [restartedMain] .e.DevToolsPropertyDefaultsPostProcessor : For additional web related logging consider setting the 'logging.level.web' property to 'DEBUG'
2023-11-22T15:21:16.114-05:00  INFO 16300 --- [restartedMain] .s.d.r.c.RepositoryConfigurationDelegate : Bootstrapping Spring Data JPA repositories in DEFAULT mode.
2023-11-22T15:21:16.182-05:00  INFO 16300 --- [restartedMain] .s.d.r.c.RepositoryConfigurationDelegate : Finished Spring Data repository scanning in 58 ms. Found 1 JPA repository interfaces.
2023-11-22T15:21:17.037-05:00  INFO 16300 --- [restartedMain] o.s.b.w.embedded.tomcat.TomcatWebServer  : Tomcat initialized with port(s): 8080 (http)
2023-11-22T15:21:17.055-05:00  INFO 16300 --- [restartedMain] o.apache.catalina.core.StandardService   : Starting service [Tomcat]
2023-11-22T15:21:17.055-05:00  INFO 16300 --- [restartedMain] o.apache.catalina.core.StandardEngine    : Starting Servlet engine: [Apache Tomcat/10.1.8]
2023-11-22T15:21:17.147-05:00  INFO 16300 --- [restartedMain] o.a.c.c.C.[Tomcat].[localhost].[/]       : Initializing Spring embedded WebApplicationContext
2023-11-22T15:21:17.148-05:00  INFO 16300 --- [restartedMain] w.s.c.ServletWebServerApplicationContext : Root WebApplicationContext: initialization completed in 1708 ms
2023-11-22T15:21:17.365-05:00  INFO 16300 --- [restartedMain] o.hibernate.jpa.internal.util.LogHelper  : HHH000204: Processing PersistenceUnitInfo [name: default]
2023-11-22T15:21:17.453-05:00  INFO 16300 --- [restartedMain] org.hibernate.Version                    : HHH000412: Hibernate ORM core version 6.1.7.Final
2023-11-22T15:21:17.838-05:00  INFO 16300 --- [restartedMain] com.zaxxer.hikari.HikariDataSource       : HikariPool-1 - Starting...
2023-11-22T15:21:18.021-05:00  INFO 16300 --- [restartedMain] com.zaxxer.hikari.pool.HikariPool        : HikariPool-1 - Added connection com.mysql.cj.jdbc.ConnectionImpl@4af297c4
2023-11-22T15:21:18.023-05:00  INFO 16300 --- [restartedMain] com.zaxxer.hikari.HikariDataSource       : HikariPool-1 - Start completed.
2023-11-22T15:21:18.092-05:00  WARN 16300 --- [restartedMain] org.hibernate.dialect.Dialect            : HHH000511: The 5.5.0 version for [org.hibernate.dialect.MySQLDialect] is no longer supported, hence certain features may not work properly. The minimum supported version is 5.7.0. Check the community dialects project for available legacy versions.
2023-11-22T15:21:18.098-05:00  INFO 16300 --- [restartedMain] SQL dialect                              : HHH000400: Using dialect: org.hibernate.dialect.MySQLDialect
2023-11-22T15:21:19.187-05:00  INFO 16300 --- [restartedMain] o.h.e.t.j.p.i.JtaPlatformInitiator       : HHH000490: Using JtaPlatform implementation: [org.hibernate.engine.transaction.jta.platform.internal.NoJtaPlatform]
2023-11-22T15:21:19.196-05:00  INFO 16300 --- [restartedMain] j.LocalContainerEntityManagerFactoryBean : Initialized JPA EntityManagerFactory for persistence unit 'default'
2023-11-22T15:21:19.887-05:00  WARN 16300 --- [restartedMain] JpaBaseConfiguration$JpaWebConfiguration : spring.jpa.open-in-view is enabled by default. Therefore, database queries may be performed during view rendering. Explicitly configure spring.jpa.open-in-view to disable this warning
2023-11-22T15:21:20.340-05:00  INFO 16300 --- [restartedMain] o.s.b.d.a.OptionalLiveReloadServer       : LiveReload server is running on port 35729
2023-11-22T15:21:20.390-05:00  INFO 16300 --- [restartedMain] o.s.b.w.embedded.tomcat.TomcatWebServer  : Tomcat started on port(s): 8080 (http) with context path ''
2023-11-22T15:21:20.402-05:00  INFO 16300 --- [restartedMain] c.e.s.SpringbootApirestBackedApplication : Started SpringbootApirestBackedApplication in 5.468 seconds (process running for 5.984)
2023-11-22T15:21:33.661-05:00  INFO 16300 --- [http-nio-8080-exec-1] o.a.c.c.C.[Tomcat].[localhost].[/]       : Initializing Spring DispatcherServlet 'dispatcherServlet'
2023-11-22T15:21:33.662-05:00  INFO 16300 --- [http-nio-8080-exec-1] o.s.web.servlet.DispatcherServlet        : Initializing Servlet 'dispatcherServlet'
2023-11-22T15:21:33.663-05:00  INFO 16300 --- [http-nio-8080-exec-1] o.s.web.servlet.DispatcherServlet        : Completed initialization in 1 ms
2023-11-22T15:21:53.200-05:00  INFO 16300 --- [http-nio-8080-exec-7] c.e.s.controller.ClienteController       : este es el clientecom.example.springbootapirestbacked.model.Cliente@6beeddcb
2023-11-22T15:27:07.742-05:00  INFO 16300 --- [SpringApplicationShutdownHook] j.LocalContainerEntityManagerFactoryBean : Closing JPA EntityManagerFactory for persistence unit 'default'
2023-11-22T15:27:07.746-05:00  INFO 16300 --- [SpringApplicationShutdownHook] com.zaxxer.hikari.HikariDataSource       : HikariPool-1 - Shutdown initiated...
2023-11-22T15:27:07.764-05:00  INFO 16300 --- [SpringApplicationShutdownHook] com.zaxxer.hikari.HikariDataSource       : HikariPool-1 - Shutdown completed.
2023-11-22T15:37:43.772-05:00  INFO 25060 --- [restartedMain] c.e.s.SpringbootApirestBackedApplication : Starting SpringbootApirestBackedApplication using Java 17.0.5 with PID 25060 (C:\Users\Oscar Jesus Sanabria\Documents\GitHub\Projects-Jav-springboot\Full-curso-bdb-angular-spring-all\6-creación-perfil-imagenes\springboot-apirest-backed\target\classes started by Oscar Jesus Sanabria in C:\Users\Oscar Jesus Sanabria\Documents\GitHub\Projects-Jav-springboot\Full-curso-bdb-angular-spring-all\6-creación-perfil-imagenes\springboot-apirest-backed)
2023-11-22T15:37:43.775-05:00  INFO 25060 --- [restartedMain] c.e.s.SpringbootApirestBackedApplication : No active profile set, falling back to 1 default profile: "default"
2023-11-22T15:37:43.826-05:00  INFO 25060 --- [restartedMain] .e.DevToolsPropertyDefaultsPostProcessor : Devtools property defaults active! Set 'spring.devtools.add-properties' to 'false' to disable
2023-11-22T15:37:43.827-05:00  INFO 25060 --- [restartedMain] .e.DevToolsPropertyDefaultsPostProcessor : For additional web related logging consider setting the 'logging.level.web' property to 'DEBUG'
2023-11-22T15:37:44.465-05:00  INFO 25060 --- [restartedMain] .s.d.r.c.RepositoryConfigurationDelegate : Bootstrapping Spring Data JPA repositories in DEFAULT mode.
2023-11-22T15:37:44.516-05:00  INFO 25060 --- [restartedMain] .s.d.r.c.RepositoryConfigurationDelegate : Finished Spring Data repository scanning in 44 ms. Found 1 JPA repository interfaces.
2023-11-22T15:37:45.036-05:00  INFO 25060 --- [restartedMain] o.s.b.w.embedded.tomcat.TomcatWebServer  : Tomcat initialized with port(s): 8080 (http)
2023-11-22T15:37:45.044-05:00  INFO 25060 --- [restartedMain] o.apache.catalina.core.StandardService   : Starting service [Tomcat]
2023-11-22T15:37:45.044-05:00  INFO 25060 --- [restartedMain] o.apache.catalina.core.StandardEngine    : Starting Servlet engine: [Apache Tomcat/10.1.8]
2023-11-22T15:37:45.089-05:00  INFO 25060 --- [restartedMain] o.a.c.c.C.[Tomcat].[localhost].[/]       : Initializing Spring embedded WebApplicationContext
2023-11-22T15:37:45.089-05:00  INFO 25060 --- [restartedMain] w.s.c.ServletWebServerApplicationContext : Root WebApplicationContext: initialization completed in 1262 ms
2023-11-22T15:37:45.219-05:00  INFO 25060 --- [restartedMain] o.hibernate.jpa.internal.util.LogHelper  : HHH000204: Processing PersistenceUnitInfo [name: default]
2023-11-22T15:37:45.276-05:00  INFO 25060 --- [restartedMain] org.hibernate.Version                    : HHH000412: Hibernate ORM core version 6.1.7.Final
2023-11-22T15:37:45.567-05:00  INFO 25060 --- [restartedMain] com.zaxxer.hikari.HikariDataSource       : HikariPool-1 - Starting...
2023-11-22T15:37:45.707-05:00  INFO 25060 --- [restartedMain] com.zaxxer.hikari.pool.HikariPool        : HikariPool-1 - Added connection com.mysql.cj.jdbc.ConnectionImpl@b3908e3
2023-11-22T15:37:45.710-05:00  INFO 25060 --- [restartedMain] com.zaxxer.hikari.HikariDataSource       : HikariPool-1 - Start completed.
2023-11-22T15:37:45.744-05:00  WARN 25060 --- [restartedMain] org.hibernate.dialect.Dialect            : HHH000511: The 5.5.0 version for [org.hibernate.dialect.MySQLDialect] is no longer supported, hence certain features may not work properly. The minimum supported version is 5.7.0. Check the community dialects project for available legacy versions.
2023-11-22T15:37:45.748-05:00  INFO 25060 --- [restartedMain] SQL dialect                              : HHH000400: Using dialect: org.hibernate.dialect.MySQLDialect
2023-11-22T15:37:46.439-05:00  INFO 25060 --- [restartedMain] o.h.e.t.j.p.i.JtaPlatformInitiator       : HHH000490: Using JtaPlatform implementation: [org.hibernate.engine.transaction.jta.platform.internal.NoJtaPlatform]
2023-11-22T15:37:46.445-05:00  INFO 25060 --- [restartedMain] j.LocalContainerEntityManagerFactoryBean : Initialized JPA EntityManagerFactory for persistence unit 'default'
2023-11-22T15:37:47.117-05:00  WARN 25060 --- [restartedMain] JpaBaseConfiguration$JpaWebConfiguration : spring.jpa.open-in-view is enabled by default. Therefore, database queries may be performed during view rendering. Explicitly configure spring.jpa.open-in-view to disable this warning
2023-11-22T15:37:47.993-05:00  INFO 25060 --- [restartedMain] o.s.b.d.a.OptionalLiveReloadServer       : LiveReload server is running on port 35729
2023-11-22T15:37:48.040-05:00  INFO 25060 --- [restartedMain] o.s.b.w.embedded.tomcat.TomcatWebServer  : Tomcat started on port(s): 8080 (http) with context path ''
2023-11-22T15:37:48.052-05:00  INFO 25060 --- [restartedMain] c.e.s.SpringbootApirestBackedApplication : Started SpringbootApirestBackedApplication in 4.654 seconds (process running for 5.066)
2023-11-22T15:40:24.510-05:00  INFO 25060 --- [http-nio-8080-exec-1] o.a.c.c.C.[Tomcat].[localhost].[/]       : Initializing Spring DispatcherServlet 'dispatcherServlet'
2023-11-22T15:40:24.511-05:00  INFO 25060 --- [http-nio-8080-exec-1] o.s.web.servlet.DispatcherServlet        : Initializing Servlet 'dispatcherServlet'
2023-11-22T15:40:24.513-05:00  INFO 25060 --- [http-nio-8080-exec-1] o.s.web.servlet.DispatcherServlet        : Completed initialization in 2 ms
2023-11-22T15:40:55.396-05:00  WARN 25060 --- [http-nio-8080-exec-8] o.h.engine.jdbc.spi.SqlExceptionHelper   : SQL Error: 1062, SQLState: 23000
2023-11-22T15:40:55.396-05:00 ERROR 25060 --- [http-nio-8080-exec-8] o.h.engine.jdbc.spi.SqlExceptionHelper   : Duplicate entry 'gabo@gmail.com2' for key 'UK_1c96wv36rk2hwui7qhjks3mvg'
2023-11-22T15:40:55.405-05:00 ERROR 25060 --- [http-nio-8080-exec-8] c.e.s.controller.ClienteController       : org.springframework.dao.DataIntegrityViolationException: could not execute statement; SQL [n/a]; constraint [UK_1c96wv36rk2hwui7qhjks3mvg]
2023-11-22T15:40:58.707-05:00  WARN 25060 --- [http-nio-8080-exec-9] o.h.engine.jdbc.spi.SqlExceptionHelper   : SQL Error: 1062, SQLState: 23000
2023-11-22T15:40:58.708-05:00 ERROR 25060 --- [http-nio-8080-exec-9] o.h.engine.jdbc.spi.SqlExceptionHelper   : Duplicate entry 'gabo@gmail.com2' for key 'UK_1c96wv36rk2hwui7qhjks3mvg'
2023-11-22T15:40:58.709-05:00 ERROR 25060 --- [http-nio-8080-exec-9] c.e.s.controller.ClienteController       : org.springframework.dao.DataIntegrityViolationException: could not execute statement; SQL [n/a]; constraint [UK_1c96wv36rk2hwui7qhjks3mvg]
2023-11-22T15:41:07.315-05:00  WARN 25060 --- [http-nio-8080-exec-3] o.h.engine.jdbc.spi.SqlExceptionHelper   : SQL Error: 1062, SQLState: 23000
2023-11-22T15:41:07.315-05:00 ERROR 25060 --- [http-nio-8080-exec-3] o.h.engine.jdbc.spi.SqlExceptionHelper   : Duplicate entry 'gabo@gmail.com2' for key 'UK_1c96wv36rk2hwui7qhjks3mvg'
2023-11-22T15:41:07.319-05:00 ERROR 25060 --- [http-nio-8080-exec-3] c.e.s.controller.ClienteController       : org.springframework.dao.DataIntegrityViolationException: could not execute statement; SQL [n/a]; constraint [UK_1c96wv36rk2hwui7qhjks3mvg]
2023-11-22T15:46:49.672-05:00  INFO 25060 --- [http-nio-8080-exec-4] c.e.s.controller.ClienteController       : este es el clientecom.example.springbootapirestbacked.model.Cliente@4a32cc8a
2023-11-22T15:52:11.990-05:00  INFO 25060 --- [SpringApplicationShutdownHook] j.LocalContainerEntityManagerFactoryBean : Closing JPA EntityManagerFactory for persistence unit 'default'
2023-11-22T15:52:11.994-05:00  INFO 25060 --- [SpringApplicationShutdownHook] com.zaxxer.hikari.HikariDataSource       : HikariPool-1 - Shutdown initiated...
2023-11-22T15:52:12.005-05:00  INFO 25060 --- [SpringApplicationShutdownHook] com.zaxxer.hikari.HikariDataSource       : HikariPool-1 - Shutdown completed.
