2023-05-29T08:10:43.244-05:00  WARN 24100 --- [HikariPool-1 housekeeper] com.zaxxer.hikari.pool.HikariPool        : HikariPool-1 - Thread starvation or clock leap detected (housekeeper delta=2d12h12m22s953ms495µs300ns).
2023-05-29T09:32:17.282-05:00  INFO 24100 --- [SpringApplicationShutdownHook] j.LocalContainerEntityManagerFactoryBean : Closing JPA EntityManagerFactory for persistence unit 'default'
2023-05-29T09:32:17.313-05:00  INFO 24100 --- [SpringApplicationShutdownHook] com.zaxxer.hikari.HikariDataSource       : HikariPool-1 - Shutdown initiated...
2023-05-29T09:32:17.324-05:00  INFO 24100 --- [SpringApplicationShutdownHook] com.zaxxer.hikari.HikariDataSource       : HikariPool-1 - Shutdown completed.
2023-05-29T09:32:23.007-05:00  INFO 9928 --- [restartedMain] c.e.s.SpringbootApirestBackedApplication : Starting SpringbootApirestBackedApplication using Java 17.0.5 with PID 9928 (C:\Users\Oscar Jesus Sanabria\Documents\GitHub\Projects-Jav-springboot\Full-curso-bdb-angular-spring-all\6-creación-perfil-imagenes\springboot-apirest-backed\target\classes started by Oscar Jesus Sanabria in C:\Users\Oscar Jesus Sanabria\Documents\GitHub\Projects-Jav-springboot\Full-curso-bdb-angular-spring-all\6-creación-perfil-imagenes\springboot-apirest-backed)
2023-05-29T09:32:23.011-05:00  INFO 9928 --- [restartedMain] c.e.s.SpringbootApirestBackedApplication : No active profile set, falling back to 1 default profile: "default"
2023-05-29T09:32:23.055-05:00  INFO 9928 --- [restartedMain] .e.DevToolsPropertyDefaultsPostProcessor : Devtools property defaults active! Set 'spring.devtools.add-properties' to 'false' to disable
2023-05-29T09:32:23.055-05:00  INFO 9928 --- [restartedMain] .e.DevToolsPropertyDefaultsPostProcessor : For additional web related logging consider setting the 'logging.level.web' property to 'DEBUG'
2023-05-29T09:32:23.616-05:00  INFO 9928 --- [restartedMain] .s.d.r.c.RepositoryConfigurationDelegate : Bootstrapping Spring Data JPA repositories in DEFAULT mode.
2023-05-29T09:32:23.670-05:00  INFO 9928 --- [restartedMain] .s.d.r.c.RepositoryConfigurationDelegate : Finished Spring Data repository scanning in 47 ms. Found 1 JPA repository interfaces.
2023-05-29T09:32:24.194-05:00  INFO 9928 --- [restartedMain] o.s.b.w.embedded.tomcat.TomcatWebServer  : Tomcat initialized with port(s): 8080 (http)
2023-05-29T09:32:24.205-05:00  INFO 9928 --- [restartedMain] o.apache.catalina.core.StandardService   : Starting service [Tomcat]
2023-05-29T09:32:24.205-05:00  INFO 9928 --- [restartedMain] o.apache.catalina.core.StandardEngine    : Starting Servlet engine: [Apache Tomcat/10.1.8]
2023-05-29T09:32:24.258-05:00  INFO 9928 --- [restartedMain] o.a.c.c.C.[Tomcat].[localhost].[/]       : Initializing Spring embedded WebApplicationContext
2023-05-29T09:32:24.258-05:00  INFO 9928 --- [restartedMain] w.s.c.ServletWebServerApplicationContext : Root WebApplicationContext: initialization completed in 1202 ms
2023-05-29T09:32:24.391-05:00  INFO 9928 --- [restartedMain] o.hibernate.jpa.internal.util.LogHelper  : HHH000204: Processing PersistenceUnitInfo [name: default]
2023-05-29T09:32:24.450-05:00  INFO 9928 --- [restartedMain] org.hibernate.Version                    : HHH000412: Hibernate ORM core version 6.1.7.Final
2023-05-29T09:32:24.711-05:00  INFO 9928 --- [restartedMain] com.zaxxer.hikari.HikariDataSource       : HikariPool-1 - Starting...
2023-05-29T09:32:24.822-05:00  INFO 9928 --- [restartedMain] com.zaxxer.hikari.pool.HikariPool        : HikariPool-1 - Added connection com.mysql.cj.jdbc.ConnectionImpl@6eb2ee85
2023-05-29T09:32:24.823-05:00  INFO 9928 --- [restartedMain] com.zaxxer.hikari.HikariDataSource       : HikariPool-1 - Start completed.
2023-05-29T09:32:24.860-05:00  WARN 9928 --- [restartedMain] org.hibernate.dialect.Dialect            : HHH000511: The 5.5.0 version for [org.hibernate.dialect.MySQLDialect] is no longer supported, hence certain features may not work properly. The minimum supported version is 5.7.0. Check the community dialects project for available legacy versions.
2023-05-29T09:32:24.865-05:00  INFO 9928 --- [restartedMain] SQL dialect                              : HHH000400: Using dialect: org.hibernate.dialect.MySQLDialect
2023-05-29T09:32:25.499-05:00  INFO 9928 --- [restartedMain] o.h.e.t.j.p.i.JtaPlatformInitiator       : HHH000490: Using JtaPlatform implementation: [org.hibernate.engine.transaction.jta.platform.internal.NoJtaPlatform]
2023-05-29T09:32:25.506-05:00  INFO 9928 --- [restartedMain] j.LocalContainerEntityManagerFactoryBean : Initialized JPA EntityManagerFactory for persistence unit 'default'
2023-05-29T09:32:25.942-05:00  WARN 9928 --- [restartedMain] JpaBaseConfiguration$JpaWebConfiguration : spring.jpa.open-in-view is enabled by default. Therefore, database queries may be performed during view rendering. Explicitly configure spring.jpa.open-in-view to disable this warning
2023-05-29T09:32:26.218-05:00  INFO 9928 --- [restartedMain] o.s.b.d.a.OptionalLiveReloadServer       : LiveReload server is running on port 35729
2023-05-29T09:32:26.248-05:00  INFO 9928 --- [restartedMain] o.s.b.w.embedded.tomcat.TomcatWebServer  : Tomcat started on port(s): 8080 (http) with context path ''
2023-05-29T09:32:26.255-05:00  INFO 9928 --- [restartedMain] c.e.s.SpringbootApirestBackedApplication : Started SpringbootApirestBackedApplication in 3.587 seconds (process running for 6.699)
2023-05-29T09:35:55.327-05:00  INFO 9928 --- [http-nio-8080-exec-1] o.a.c.c.C.[Tomcat].[localhost].[/]       : Initializing Spring DispatcherServlet 'dispatcherServlet'
2023-05-29T09:35:55.328-05:00  INFO 9928 --- [http-nio-8080-exec-1] o.s.web.servlet.DispatcherServlet        : Initializing Servlet 'dispatcherServlet'
2023-05-29T09:35:55.330-05:00  INFO 9928 --- [http-nio-8080-exec-1] o.s.web.servlet.DispatcherServlet        : Completed initialization in 2 ms
2023-05-29T09:55:30.100-05:00  INFO 9928 --- [http-nio-8080-exec-4] c.e.s.controller.ClienteController       : este es el clientecom.example.springbootapirestbacked.model.Cliente@436b6543
2023-05-29T09:56:02.787-05:00  INFO 9928 --- [http-nio-8080-exec-6] c.e.s.controller.ClienteController       : este es el clientecom.example.springbootapirestbacked.model.Cliente@4f7effd7
2023-05-29T10:02:57.435-05:00  INFO 9928 --- [http-nio-8080-exec-10] c.e.s.controller.ClienteController       : este es el clientecom.example.springbootapirestbacked.model.Cliente@59647b59
2023-05-29T10:03:24.818-05:00  WARN 9928 --- [http-nio-8080-exec-4] .w.s.m.s.DefaultHandlerExceptionResolver : Resolved [org.springframework.http.converter.HttpMessageNotReadableException: JSON parse error: Cannot coerce empty String ("") to `com.example.springbootapirestbacked.model.Region` value (but could if coercion was enabled using `CoercionConfig`)]
2023-05-29T10:05:53.000-05:00  WARN 9928 --- [http-nio-8080-exec-5] o.h.engine.jdbc.spi.SqlExceptionHelper   : SQL Error: 1062, SQLState: 23000
2023-05-29T10:05:53.000-05:00 ERROR 9928 --- [http-nio-8080-exec-5] o.h.engine.jdbc.spi.SqlExceptionHelper   : Duplicate entry '1' for key 'PRIMARY'
2023-05-29T10:05:53.006-05:00 ERROR 9928 --- [http-nio-8080-exec-5] c.e.s.controller.ClienteController       : org.springframework.dao.DataIntegrityViolationException: could not execute statement; SQL [n/a]; constraint [PRIMARY]
2023-05-29T10:05:56.527-05:00  WARN 9928 --- [http-nio-8080-exec-4] o.h.engine.jdbc.spi.SqlExceptionHelper   : SQL Error: 1062, SQLState: 23000
2023-05-29T10:05:56.527-05:00 ERROR 9928 --- [http-nio-8080-exec-4] o.h.engine.jdbc.spi.SqlExceptionHelper   : Duplicate entry '2' for key 'PRIMARY'
2023-05-29T10:05:56.528-05:00 ERROR 9928 --- [http-nio-8080-exec-4] c.e.s.controller.ClienteController       : org.springframework.dao.DataIntegrityViolationException: could not execute statement; SQL [n/a]; constraint [PRIMARY]
2023-05-29T10:06:41.584-05:00  INFO 9928 --- [http-nio-8080-exec-9] c.e.s.controller.ClienteController       : este es el clientecom.example.springbootapirestbacked.model.Cliente@e1dc19c
2023-05-29T10:07:58.098-05:00  INFO 9928 --- [http-nio-8080-exec-8] c.e.s.controller.ClienteController       : este es el clientecom.example.springbootapirestbacked.model.Cliente@43ef6a05
2023-05-29T10:08:08.360-05:00  INFO 9928 --- [http-nio-8080-exec-5] c.e.s.controller.ClienteController       : este es el clientecom.example.springbootapirestbacked.model.Cliente@2dfffb76
2023-05-29T10:08:17.129-05:00  INFO 9928 --- [http-nio-8080-exec-8] c.e.s.controller.ClienteController       : este es el clientecom.example.springbootapirestbacked.model.Cliente@24b46534
2023-05-29T10:10:08.968-05:00  INFO 9928 --- [http-nio-8080-exec-4] c.e.s.controller.ClienteController       : este es el clientecom.example.springbootapirestbacked.model.Cliente@743df075
2023-05-29T10:11:06.684-05:00  INFO 9928 --- [http-nio-8080-exec-10] c.e.s.controller.ClienteController       : este es el clientecom.example.springbootapirestbacked.model.Cliente@3d4d498
2023-05-29T10:12:07.108-05:00  INFO 9928 --- [http-nio-8080-exec-10] c.e.s.controller.ClienteController       : este es el clientecom.example.springbootapirestbacked.model.Cliente@217de7b6
2023-05-29T10:12:15.789-05:00  INFO 9928 --- [http-nio-8080-exec-9] c.e.s.controller.ClienteController       : este es el clientecom.example.springbootapirestbacked.model.Cliente@29eba127
2023-05-29T10:12:57.716-05:00  INFO 9928 --- [http-nio-8080-exec-10] c.e.s.controller.ClienteController       : este es el clientecom.example.springbootapirestbacked.model.Cliente@18e259e9
2023-05-29T10:13:06.397-05:00  INFO 9928 --- [http-nio-8080-exec-8] c.e.s.controller.ClienteController       : este es el clientecom.example.springbootapirestbacked.model.Cliente@555c6be2
2023-05-29T10:16:45.670-05:00  INFO 9928 --- [http-nio-8080-exec-7] c.e.s.controller.ClienteController       : este es el clientecom.example.springbootapirestbacked.model.Cliente@2f3a5c20
2023-05-29T10:29:35.815-05:00  INFO 9928 --- [http-nio-8080-exec-9] c.e.s.controller.ClienteController       : este es el clientecom.example.springbootapirestbacked.model.Cliente@b03d879
2023-05-29T10:29:47.149-05:00  INFO 9928 --- [http-nio-8080-exec-2] c.e.s.controller.ClienteController       : este es el clientecom.example.springbootapirestbacked.model.Cliente@7960538
2023-05-29T10:29:58.644-05:00  INFO 9928 --- [http-nio-8080-exec-4] c.e.s.controller.ClienteController       : este es el clientecom.example.springbootapirestbacked.model.Cliente@a822d25
2023-05-29T10:30:06.803-05:00  INFO 9928 --- [http-nio-8080-exec-5] c.e.s.controller.ClienteController       : este es el clientecom.example.springbootapirestbacked.model.Cliente@79a8191d
2023-05-29T10:37:04.688-05:00  INFO 9928 --- [http-nio-8080-exec-7] c.e.s.controller.ClienteController       : este es el clientecom.example.springbootapirestbacked.model.Cliente@36becb23
2023-05-29T10:38:39.971-05:00  INFO 9928 --- [http-nio-8080-exec-1] c.e.s.controller.ClienteController       : este es el clientecom.example.springbootapirestbacked.model.Cliente@104a6764
2023-05-29T10:38:55.807-05:00  INFO 9928 --- [http-nio-8080-exec-10] c.e.s.controller.ClienteController       : este es el clientecom.example.springbootapirestbacked.model.Cliente@13cc080e
2023-05-29T10:40:33.313-05:00  INFO 9928 --- [http-nio-8080-exec-2] c.e.s.controller.ClienteController       : este es el clientecom.example.springbootapirestbacked.model.Cliente@7f8f0c7a
2023-05-29T10:52:13.846-05:00  INFO 9928 --- [http-nio-8080-exec-6] c.e.s.controller.ClienteController       : este es el clientecom.example.springbootapirestbacked.model.Cliente@2d0458c4
2023-05-29T10:52:27.560-05:00  INFO 9928 --- [http-nio-8080-exec-2] c.e.s.controller.ClienteController       : este es el clientecom.example.springbootapirestbacked.model.Cliente@126abad1
2023-05-29T10:52:43.939-05:00 ERROR 9928 --- [http-nio-8080-exec-7] o.a.c.c.C.[.[.[/].[dispatcherServlet]    : Servlet.service() for servlet [dispatcherServlet] in context with path [] threw exception [Request processing failed: org.springframework.transaction.TransactionSystemException: Could not commit JPA transaction] with root cause

jakarta.validation.ConstraintViolationException: Validation failed for classes [com.example.springbootapirestbacked.model.Cliente] during update time for groups [jakarta.validation.groups.Default, ]
List of constraint violations:[
	ConstraintViolationImpl{interpolatedMessage='El email debe ser válido', propertyPath=email, rootBeanClass=class com.example.springbootapirestbacked.model.Cliente, messageTemplate='El email debe ser válido'}
]
	at org.hibernate.cfg.beanvalidation.BeanValidationEventListener.validate(BeanValidationEventListener.java:148) ~[hibernate-core-6.1.7.Final.jar:6.1.7.Final]
	at org.hibernate.cfg.beanvalidation.BeanValidationEventListener.onPreUpdate(BeanValidationEventListener.java:91) ~[hibernate-core-6.1.7.Final.jar:6.1.7.Final]
	at org.hibernate.action.internal.EntityUpdateAction.preUpdate(EntityUpdateAction.java:281) ~[hibernate-core-6.1.7.Final.jar:6.1.7.Final]
	at org.hibernate.action.internal.EntityUpdateAction.execute(EntityUpdateAction.java:137) ~[hibernate-core-6.1.7.Final.jar:6.1.7.Final]
	at org.hibernate.engine.spi.ActionQueue.executeActions(ActionQueue.java:612) ~[hibernate-core-6.1.7.Final.jar:6.1.7.Final]
	at org.hibernate.engine.spi.ActionQueue.lambda$executeActions$1(ActionQueue.java:483) ~[hibernate-core-6.1.7.Final.jar:6.1.7.Final]
	at java.base/java.util.LinkedHashMap.forEach(LinkedHashMap.java:721) ~[na:na]
	at org.hibernate.engine.spi.ActionQueue.executeActions(ActionQueue.java:480) ~[hibernate-core-6.1.7.Final.jar:6.1.7.Final]
	at org.hibernate.event.internal.AbstractFlushingEventListener.performExecutions(AbstractFlushingEventListener.java:329) ~[hibernate-core-6.1.7.Final.jar:6.1.7.Final]
	at org.hibernate.event.internal.DefaultFlushEventListener.onFlush(DefaultFlushEventListener.java:39) ~[hibernate-core-6.1.7.Final.jar:6.1.7.Final]
	at org.hibernate.event.service.internal.EventListenerGroupImpl.fireEventOnEachListener(EventListenerGroupImpl.java:107) ~[hibernate-core-6.1.7.Final.jar:6.1.7.Final]
	at org.hibernate.internal.SessionImpl.doFlush(SessionImpl.java:1425) ~[hibernate-core-6.1.7.Final.jar:6.1.7.Final]
	at org.hibernate.internal.SessionImpl.managedFlush(SessionImpl.java:477) ~[hibernate-core-6.1.7.Final.jar:6.1.7.Final]
	at org.hibernate.internal.SessionImpl.flushBeforeTransactionCompletion(SessionImpl.java:2234) ~[hibernate-core-6.1.7.Final.jar:6.1.7.Final]
	at org.hibernate.internal.SessionImpl.beforeTransactionCompletion(SessionImpl.java:1930) ~[hibernate-core-6.1.7.Final.jar:6.1.7.Final]
	at org.hibernate.engine.jdbc.internal.JdbcCoordinatorImpl.beforeTransactionCompletion(JdbcCoordinatorImpl.java:439) ~[hibernate-core-6.1.7.Final.jar:6.1.7.Final]
	at org.hibernate.resource.transaction.backend.jdbc.internal.JdbcResourceLocalTransactionCoordinatorImpl.beforeCompletionCallback(JdbcResourceLocalTransactionCoordinatorImpl.java:183) ~[hibernate-core-6.1.7.Final.jar:6.1.7.Final]
	at org.hibernate.resource.transaction.backend.jdbc.internal.JdbcResourceLocalTransactionCoordinatorImpl$TransactionDriverControlImpl.commit(JdbcResourceLocalTransactionCoordinatorImpl.java:281) ~[hibernate-core-6.1.7.Final.jar:6.1.7.Final]
	at org.hibernate.engine.transaction.internal.TransactionImpl.commit(TransactionImpl.java:101) ~[hibernate-core-6.1.7.Final.jar:6.1.7.Final]
	at org.springframework.orm.jpa.JpaTransactionManager.doCommit(JpaTransactionManager.java:561) ~[spring-orm-6.0.8.jar:6.0.8]
	at org.springframework.transaction.support.AbstractPlatformTransactionManager.processCommit(AbstractPlatformTransactionManager.java:743) ~[spring-tx-6.0.8.jar:6.0.8]
	at org.springframework.transaction.support.AbstractPlatformTransactionManager.commit(AbstractPlatformTransactionManager.java:711) ~[spring-tx-6.0.8.jar:6.0.8]
	at org.springframework.transaction.interceptor.TransactionAspectSupport.commitTransactionAfterReturning(TransactionAspectSupport.java:660) ~[spring-tx-6.0.8.jar:6.0.8]
	at org.springframework.transaction.interceptor.TransactionAspectSupport.invokeWithinTransaction(TransactionAspectSupport.java:410) ~[spring-tx-6.0.8.jar:6.0.8]
	at org.springframework.transaction.interceptor.TransactionInterceptor.invoke(TransactionInterceptor.java:119) ~[spring-tx-6.0.8.jar:6.0.8]
	at org.springframework.aop.framework.ReflectiveMethodInvocation.proceed(ReflectiveMethodInvocation.java:184) ~[spring-aop-6.0.8.jar:6.0.8]
	at org.springframework.aop.framework.CglibAopProxy$CglibMethodInvocation.proceed(CglibAopProxy.java:750) ~[spring-aop-6.0.8.jar:6.0.8]
	at org.springframework.aop.framework.CglibAopProxy$DynamicAdvisedInterceptor.intercept(CglibAopProxy.java:702) ~[spring-aop-6.0.8.jar:6.0.8]
	at com.example.springbootapirestbacked.service.ClienteServiceImpl$$SpringCGLIB$$0.save(<generated>) ~[classes/:na]
	at com.example.springbootapirestbacked.controller.ClienteController.updateProduct(ClienteController.java:166) ~[classes/:na]
	at java.base/jdk.internal.reflect.NativeMethodAccessorImpl.invoke0(Native Method) ~[na:na]
	at java.base/jdk.internal.reflect.NativeMethodAccessorImpl.invoke(NativeMethodAccessorImpl.java:77) ~[na:na]
	at java.base/jdk.internal.reflect.DelegatingMethodAccessorImpl.invoke(DelegatingMethodAccessorImpl.java:43) ~[na:na]
	at java.base/java.lang.reflect.Method.invoke(Method.java:568) ~[na:na]
	at org.springframework.web.method.support.InvocableHandlerMethod.doInvoke(InvocableHandlerMethod.java:207) ~[spring-web-6.0.8.jar:6.0.8]
	at org.springframework.web.method.support.InvocableHandlerMethod.invokeForRequest(InvocableHandlerMethod.java:152) ~[spring-web-6.0.8.jar:6.0.8]
	at org.springframework.web.servlet.mvc.method.annotation.ServletInvocableHandlerMethod.invokeAndHandle(ServletInvocableHandlerMethod.java:118) ~[spring-webmvc-6.0.8.jar:6.0.8]
	at org.springframework.web.servlet.mvc.method.annotation.RequestMappingHandlerAdapter.invokeHandlerMethod(RequestMappingHandlerAdapter.java:884) ~[spring-webmvc-6.0.8.jar:6.0.8]
	at org.springframework.web.servlet.mvc.method.annotation.RequestMappingHandlerAdapter.handleInternal(RequestMappingHandlerAdapter.java:797) ~[spring-webmvc-6.0.8.jar:6.0.8]
	at org.springframework.web.servlet.mvc.method.AbstractHandlerMethodAdapter.handle(AbstractHandlerMethodAdapter.java:87) ~[spring-webmvc-6.0.8.jar:6.0.8]
	at org.springframework.web.servlet.DispatcherServlet.doDispatch(DispatcherServlet.java:1081) ~[spring-webmvc-6.0.8.jar:6.0.8]
	at org.springframework.web.servlet.DispatcherServlet.doService(DispatcherServlet.java:974) ~[spring-webmvc-6.0.8.jar:6.0.8]
	at org.springframework.web.servlet.FrameworkServlet.processRequest(FrameworkServlet.java:1011) ~[spring-webmvc-6.0.8.jar:6.0.8]
	at org.springframework.web.servlet.FrameworkServlet.doPut(FrameworkServlet.java:925) ~[spring-webmvc-6.0.8.jar:6.0.8]
	at jakarta.servlet.http.HttpServlet.service(HttpServlet.java:593) ~[tomcat-embed-core-10.1.8.jar:6.0]
	at org.springframework.web.servlet.FrameworkServlet.service(FrameworkServlet.java:885) ~[spring-webmvc-6.0.8.jar:6.0.8]
	at jakarta.servlet.http.HttpServlet.service(HttpServlet.java:658) ~[tomcat-embed-core-10.1.8.jar:6.0]
	at org.apache.catalina.core.ApplicationFilterChain.internalDoFilter(ApplicationFilterChain.java:205) ~[tomcat-embed-core-10.1.8.jar:10.1.8]
	at org.apache.catalina.core.ApplicationFilterChain.doFilter(ApplicationFilterChain.java:149) ~[tomcat-embed-core-10.1.8.jar:10.1.8]
	at org.apache.tomcat.websocket.server.WsFilter.doFilter(WsFilter.java:51) ~[tomcat-embed-websocket-10.1.8.jar:10.1.8]
	at org.apache.catalina.core.ApplicationFilterChain.internalDoFilter(ApplicationFilterChain.java:174) ~[tomcat-embed-core-10.1.8.jar:10.1.8]
	at org.apache.catalina.core.ApplicationFilterChain.doFilter(ApplicationFilterChain.java:149) ~[tomcat-embed-core-10.1.8.jar:10.1.8]
	at org.springframework.web.filter.RequestContextFilter.doFilterInternal(RequestContextFilter.java:100) ~[spring-web-6.0.8.jar:6.0.8]
	at org.springframework.web.filter.OncePerRequestFilter.doFilter(OncePerRequestFilter.java:116) ~[spring-web-6.0.8.jar:6.0.8]
	at org.apache.catalina.core.ApplicationFilterChain.internalDoFilter(ApplicationFilterChain.java:174) ~[tomcat-embed-core-10.1.8.jar:10.1.8]
	at org.apache.catalina.core.ApplicationFilterChain.doFilter(ApplicationFilterChain.java:149) ~[tomcat-embed-core-10.1.8.jar:10.1.8]
	at org.springframework.web.filter.FormContentFilter.doFilterInternal(FormContentFilter.java:93) ~[spring-web-6.0.8.jar:6.0.8]
	at org.springframework.web.filter.OncePerRequestFilter.doFilter(OncePerRequestFilter.java:116) ~[spring-web-6.0.8.jar:6.0.8]
	at org.apache.catalina.core.ApplicationFilterChain.internalDoFilter(ApplicationFilterChain.java:174) ~[tomcat-embed-core-10.1.8.jar:10.1.8]
	at org.apache.catalina.core.ApplicationFilterChain.doFilter(ApplicationFilterChain.java:149) ~[tomcat-embed-core-10.1.8.jar:10.1.8]
	at org.springframework.web.filter.CharacterEncodingFilter.doFilterInternal(CharacterEncodingFilter.java:201) ~[spring-web-6.0.8.jar:6.0.8]
	at org.springframework.web.filter.OncePerRequestFilter.doFilter(OncePerRequestFilter.java:116) ~[spring-web-6.0.8.jar:6.0.8]
	at org.apache.catalina.core.ApplicationFilterChain.internalDoFilter(ApplicationFilterChain.java:174) ~[tomcat-embed-core-10.1.8.jar:10.1.8]
	at org.apache.catalina.core.ApplicationFilterChain.doFilter(ApplicationFilterChain.java:149) ~[tomcat-embed-core-10.1.8.jar:10.1.8]
	at org.apache.catalina.core.StandardWrapperValve.invoke(StandardWrapperValve.java:166) ~[tomcat-embed-core-10.1.8.jar:10.1.8]
	at org.apache.catalina.core.StandardContextValve.invoke(StandardContextValve.java:90) ~[tomcat-embed-core-10.1.8.jar:10.1.8]
	at org.apache.catalina.authenticator.AuthenticatorBase.invoke(AuthenticatorBase.java:482) ~[tomcat-embed-core-10.1.8.jar:10.1.8]
	at org.apache.catalina.core.StandardHostValve.invoke(StandardHostValve.java:115) ~[tomcat-embed-core-10.1.8.jar:10.1.8]
	at org.apache.catalina.valves.ErrorReportValve.invoke(ErrorReportValve.java:93) ~[tomcat-embed-core-10.1.8.jar:10.1.8]
	at org.apache.catalina.core.StandardEngineValve.invoke(StandardEngineValve.java:74) ~[tomcat-embed-core-10.1.8.jar:10.1.8]
	at org.apache.catalina.connector.CoyoteAdapter.service(CoyoteAdapter.java:341) ~[tomcat-embed-core-10.1.8.jar:10.1.8]
	at org.apache.coyote.http11.Http11Processor.service(Http11Processor.java:390) ~[tomcat-embed-core-10.1.8.jar:10.1.8]
	at org.apache.coyote.AbstractProcessorLight.process(AbstractProcessorLight.java:63) ~[tomcat-embed-core-10.1.8.jar:10.1.8]
	at org.apache.coyote.AbstractProtocol$ConnectionHandler.process(AbstractProtocol.java:894) ~[tomcat-embed-core-10.1.8.jar:10.1.8]
	at org.apache.tomcat.util.net.NioEndpoint$SocketProcessor.doRun(NioEndpoint.java:1741) ~[tomcat-embed-core-10.1.8.jar:10.1.8]
	at org.apache.tomcat.util.net.SocketProcessorBase.run(SocketProcessorBase.java:52) ~[tomcat-embed-core-10.1.8.jar:10.1.8]
	at org.apache.tomcat.util.threads.ThreadPoolExecutor.runWorker(ThreadPoolExecutor.java:1191) ~[tomcat-embed-core-10.1.8.jar:10.1.8]
	at org.apache.tomcat.util.threads.ThreadPoolExecutor$Worker.run(ThreadPoolExecutor.java:659) ~[tomcat-embed-core-10.1.8.jar:10.1.8]
	at org.apache.tomcat.util.threads.TaskThread$WrappingRunnable.run(TaskThread.java:61) ~[tomcat-embed-core-10.1.8.jar:10.1.8]
	at java.base/java.lang.Thread.run(Thread.java:833) ~[na:na]

2023-05-29T10:52:52.656-05:00 ERROR 9928 --- [http-nio-8080-exec-4] o.a.c.c.C.[.[.[/].[dispatcherServlet]    : Servlet.service() for servlet [dispatcherServlet] in context with path [] threw exception [Request processing failed: org.springframework.transaction.TransactionSystemException: Could not commit JPA transaction] with root cause

jakarta.validation.ConstraintViolationException: Validation failed for classes [com.example.springbootapirestbacked.model.Cliente] during update time for groups [jakarta.validation.groups.Default, ]
List of constraint violations:[
	ConstraintViolationImpl{interpolatedMessage='El email debe ser válido', propertyPath=email, rootBeanClass=class com.example.springbootapirestbacked.model.Cliente, messageTemplate='El email debe ser válido'}
]
	at org.hibernate.cfg.beanvalidation.BeanValidationEventListener.validate(BeanValidationEventListener.java:148) ~[hibernate-core-6.1.7.Final.jar:6.1.7.Final]
	at org.hibernate.cfg.beanvalidation.BeanValidationEventListener.onPreUpdate(BeanValidationEventListener.java:91) ~[hibernate-core-6.1.7.Final.jar:6.1.7.Final]
	at org.hibernate.action.internal.EntityUpdateAction.preUpdate(EntityUpdateAction.java:281) ~[hibernate-core-6.1.7.Final.jar:6.1.7.Final]
	at org.hibernate.action.internal.EntityUpdateAction.execute(EntityUpdateAction.java:137) ~[hibernate-core-6.1.7.Final.jar:6.1.7.Final]
	at org.hibernate.engine.spi.ActionQueue.executeActions(ActionQueue.java:612) ~[hibernate-core-6.1.7.Final.jar:6.1.7.Final]
	at org.hibernate.engine.spi.ActionQueue.lambda$executeActions$1(ActionQueue.java:483) ~[hibernate-core-6.1.7.Final.jar:6.1.7.Final]
	at java.base/java.util.LinkedHashMap.forEach(LinkedHashMap.java:721) ~[na:na]
	at org.hibernate.engine.spi.ActionQueue.executeActions(ActionQueue.java:480) ~[hibernate-core-6.1.7.Final.jar:6.1.7.Final]
	at org.hibernate.event.internal.AbstractFlushingEventListener.performExecutions(AbstractFlushingEventListener.java:329) ~[hibernate-core-6.1.7.Final.jar:6.1.7.Final]
	at org.hibernate.event.internal.DefaultFlushEventListener.onFlush(DefaultFlushEventListener.java:39) ~[hibernate-core-6.1.7.Final.jar:6.1.7.Final]
	at org.hibernate.event.service.internal.EventListenerGroupImpl.fireEventOnEachListener(EventListenerGroupImpl.java:107) ~[hibernate-core-6.1.7.Final.jar:6.1.7.Final]
	at org.hibernate.internal.SessionImpl.doFlush(SessionImpl.java:1425) ~[hibernate-core-6.1.7.Final.jar:6.1.7.Final]
	at org.hibernate.internal.SessionImpl.managedFlush(SessionImpl.java:477) ~[hibernate-core-6.1.7.Final.jar:6.1.7.Final]
	at org.hibernate.internal.SessionImpl.flushBeforeTransactionCompletion(SessionImpl.java:2234) ~[hibernate-core-6.1.7.Final.jar:6.1.7.Final]
	at org.hibernate.internal.SessionImpl.beforeTransactionCompletion(SessionImpl.java:1930) ~[hibernate-core-6.1.7.Final.jar:6.1.7.Final]
	at org.hibernate.engine.jdbc.internal.JdbcCoordinatorImpl.beforeTransactionCompletion(JdbcCoordinatorImpl.java:439) ~[hibernate-core-6.1.7.Final.jar:6.1.7.Final]
	at org.hibernate.resource.transaction.backend.jdbc.internal.JdbcResourceLocalTransactionCoordinatorImpl.beforeCompletionCallback(JdbcResourceLocalTransactionCoordinatorImpl.java:183) ~[hibernate-core-6.1.7.Final.jar:6.1.7.Final]
	at org.hibernate.resource.transaction.backend.jdbc.internal.JdbcResourceLocalTransactionCoordinatorImpl$TransactionDriverControlImpl.commit(JdbcResourceLocalTransactionCoordinatorImpl.java:281) ~[hibernate-core-6.1.7.Final.jar:6.1.7.Final]
	at org.hibernate.engine.transaction.internal.TransactionImpl.commit(TransactionImpl.java:101) ~[hibernate-core-6.1.7.Final.jar:6.1.7.Final]
	at org.springframework.orm.jpa.JpaTransactionManager.doCommit(JpaTransactionManager.java:561) ~[spring-orm-6.0.8.jar:6.0.8]
	at org.springframework.transaction.support.AbstractPlatformTransactionManager.processCommit(AbstractPlatformTransactionManager.java:743) ~[spring-tx-6.0.8.jar:6.0.8]
	at org.springframework.transaction.support.AbstractPlatformTransactionManager.commit(AbstractPlatformTransactionManager.java:711) ~[spring-tx-6.0.8.jar:6.0.8]
	at org.springframework.transaction.interceptor.TransactionAspectSupport.commitTransactionAfterReturning(TransactionAspectSupport.java:660) ~[spring-tx-6.0.8.jar:6.0.8]
	at org.springframework.transaction.interceptor.TransactionAspectSupport.invokeWithinTransaction(TransactionAspectSupport.java:410) ~[spring-tx-6.0.8.jar:6.0.8]
	at org.springframework.transaction.interceptor.TransactionInterceptor.invoke(TransactionInterceptor.java:119) ~[spring-tx-6.0.8.jar:6.0.8]
	at org.springframework.aop.framework.ReflectiveMethodInvocation.proceed(ReflectiveMethodInvocation.java:184) ~[spring-aop-6.0.8.jar:6.0.8]
	at org.springframework.aop.framework.CglibAopProxy$CglibMethodInvocation.proceed(CglibAopProxy.java:750) ~[spring-aop-6.0.8.jar:6.0.8]
	at org.springframework.aop.framework.CglibAopProxy$DynamicAdvisedInterceptor.intercept(CglibAopProxy.java:702) ~[spring-aop-6.0.8.jar:6.0.8]
	at com.example.springbootapirestbacked.service.ClienteServiceImpl$$SpringCGLIB$$0.save(<generated>) ~[classes/:na]
	at com.example.springbootapirestbacked.controller.ClienteController.updateProduct(ClienteController.java:166) ~[classes/:na]
	at java.base/jdk.internal.reflect.NativeMethodAccessorImpl.invoke0(Native Method) ~[na:na]
	at java.base/jdk.internal.reflect.NativeMethodAccessorImpl.invoke(NativeMethodAccessorImpl.java:77) ~[na:na]
	at java.base/jdk.internal.reflect.DelegatingMethodAccessorImpl.invoke(DelegatingMethodAccessorImpl.java:43) ~[na:na]
	at java.base/java.lang.reflect.Method.invoke(Method.java:568) ~[na:na]
	at org.springframework.web.method.support.InvocableHandlerMethod.doInvoke(InvocableHandlerMethod.java:207) ~[spring-web-6.0.8.jar:6.0.8]
	at org.springframework.web.method.support.InvocableHandlerMethod.invokeForRequest(InvocableHandlerMethod.java:152) ~[spring-web-6.0.8.jar:6.0.8]
	at org.springframework.web.servlet.mvc.method.annotation.ServletInvocableHandlerMethod.invokeAndHandle(ServletInvocableHandlerMethod.java:118) ~[spring-webmvc-6.0.8.jar:6.0.8]
	at org.springframework.web.servlet.mvc.method.annotation.RequestMappingHandlerAdapter.invokeHandlerMethod(RequestMappingHandlerAdapter.java:884) ~[spring-webmvc-6.0.8.jar:6.0.8]
	at org.springframework.web.servlet.mvc.method.annotation.RequestMappingHandlerAdapter.handleInternal(RequestMappingHandlerAdapter.java:797) ~[spring-webmvc-6.0.8.jar:6.0.8]
	at org.springframework.web.servlet.mvc.method.AbstractHandlerMethodAdapter.handle(AbstractHandlerMethodAdapter.java:87) ~[spring-webmvc-6.0.8.jar:6.0.8]
	at org.springframework.web.servlet.DispatcherServlet.doDispatch(DispatcherServlet.java:1081) ~[spring-webmvc-6.0.8.jar:6.0.8]
	at org.springframework.web.servlet.DispatcherServlet.doService(DispatcherServlet.java:974) ~[spring-webmvc-6.0.8.jar:6.0.8]
	at org.springframework.web.servlet.FrameworkServlet.processRequest(FrameworkServlet.java:1011) ~[spring-webmvc-6.0.8.jar:6.0.8]
	at org.springframework.web.servlet.FrameworkServlet.doPut(FrameworkServlet.java:925) ~[spring-webmvc-6.0.8.jar:6.0.8]
	at jakarta.servlet.http.HttpServlet.service(HttpServlet.java:593) ~[tomcat-embed-core-10.1.8.jar:6.0]
	at org.springframework.web.servlet.FrameworkServlet.service(FrameworkServlet.java:885) ~[spring-webmvc-6.0.8.jar:6.0.8]
	at jakarta.servlet.http.HttpServlet.service(HttpServlet.java:658) ~[tomcat-embed-core-10.1.8.jar:6.0]
	at org.apache.catalina.core.ApplicationFilterChain.internalDoFilter(ApplicationFilterChain.java:205) ~[tomcat-embed-core-10.1.8.jar:10.1.8]
	at org.apache.catalina.core.ApplicationFilterChain.doFilter(ApplicationFilterChain.java:149) ~[tomcat-embed-core-10.1.8.jar:10.1.8]
	at org.apache.tomcat.websocket.server.WsFilter.doFilter(WsFilter.java:51) ~[tomcat-embed-websocket-10.1.8.jar:10.1.8]
	at org.apache.catalina.core.ApplicationFilterChain.internalDoFilter(ApplicationFilterChain.java:174) ~[tomcat-embed-core-10.1.8.jar:10.1.8]
	at org.apache.catalina.core.ApplicationFilterChain.doFilter(ApplicationFilterChain.java:149) ~[tomcat-embed-core-10.1.8.jar:10.1.8]
	at org.springframework.web.filter.RequestContextFilter.doFilterInternal(RequestContextFilter.java:100) ~[spring-web-6.0.8.jar:6.0.8]
	at org.springframework.web.filter.OncePerRequestFilter.doFilter(OncePerRequestFilter.java:116) ~[spring-web-6.0.8.jar:6.0.8]
	at org.apache.catalina.core.ApplicationFilterChain.internalDoFilter(ApplicationFilterChain.java:174) ~[tomcat-embed-core-10.1.8.jar:10.1.8]
	at org.apache.catalina.core.ApplicationFilterChain.doFilter(ApplicationFilterChain.java:149) ~[tomcat-embed-core-10.1.8.jar:10.1.8]
	at org.springframework.web.filter.FormContentFilter.doFilterInternal(FormContentFilter.java:93) ~[spring-web-6.0.8.jar:6.0.8]
	at org.springframework.web.filter.OncePerRequestFilter.doFilter(OncePerRequestFilter.java:116) ~[spring-web-6.0.8.jar:6.0.8]
	at org.apache.catalina.core.ApplicationFilterChain.internalDoFilter(ApplicationFilterChain.java:174) ~[tomcat-embed-core-10.1.8.jar:10.1.8]
	at org.apache.catalina.core.ApplicationFilterChain.doFilter(ApplicationFilterChain.java:149) ~[tomcat-embed-core-10.1.8.jar:10.1.8]
	at org.springframework.web.filter.CharacterEncodingFilter.doFilterInternal(CharacterEncodingFilter.java:201) ~[spring-web-6.0.8.jar:6.0.8]
	at org.springframework.web.filter.OncePerRequestFilter.doFilter(OncePerRequestFilter.java:116) ~[spring-web-6.0.8.jar:6.0.8]
	at org.apache.catalina.core.ApplicationFilterChain.internalDoFilter(ApplicationFilterChain.java:174) ~[tomcat-embed-core-10.1.8.jar:10.1.8]
	at org.apache.catalina.core.ApplicationFilterChain.doFilter(ApplicationFilterChain.java:149) ~[tomcat-embed-core-10.1.8.jar:10.1.8]
	at org.apache.catalina.core.StandardWrapperValve.invoke(StandardWrapperValve.java:166) ~[tomcat-embed-core-10.1.8.jar:10.1.8]
	at org.apache.catalina.core.StandardContextValve.invoke(StandardContextValve.java:90) ~[tomcat-embed-core-10.1.8.jar:10.1.8]
	at org.apache.catalina.authenticator.AuthenticatorBase.invoke(AuthenticatorBase.java:482) ~[tomcat-embed-core-10.1.8.jar:10.1.8]
	at org.apache.catalina.core.StandardHostValve.invoke(StandardHostValve.java:115) ~[tomcat-embed-core-10.1.8.jar:10.1.8]
	at org.apache.catalina.valves.ErrorReportValve.invoke(ErrorReportValve.java:93) ~[tomcat-embed-core-10.1.8.jar:10.1.8]
	at org.apache.catalina.core.StandardEngineValve.invoke(StandardEngineValve.java:74) ~[tomcat-embed-core-10.1.8.jar:10.1.8]
	at org.apache.catalina.connector.CoyoteAdapter.service(CoyoteAdapter.java:341) ~[tomcat-embed-core-10.1.8.jar:10.1.8]
	at org.apache.coyote.http11.Http11Processor.service(Http11Processor.java:390) ~[tomcat-embed-core-10.1.8.jar:10.1.8]
	at org.apache.coyote.AbstractProcessorLight.process(AbstractProcessorLight.java:63) ~[tomcat-embed-core-10.1.8.jar:10.1.8]
	at org.apache.coyote.AbstractProtocol$ConnectionHandler.process(AbstractProtocol.java:894) ~[tomcat-embed-core-10.1.8.jar:10.1.8]
	at org.apache.tomcat.util.net.NioEndpoint$SocketProcessor.doRun(NioEndpoint.java:1741) ~[tomcat-embed-core-10.1.8.jar:10.1.8]
	at org.apache.tomcat.util.net.SocketProcessorBase.run(SocketProcessorBase.java:52) ~[tomcat-embed-core-10.1.8.jar:10.1.8]
	at org.apache.tomcat.util.threads.ThreadPoolExecutor.runWorker(ThreadPoolExecutor.java:1191) ~[tomcat-embed-core-10.1.8.jar:10.1.8]
	at org.apache.tomcat.util.threads.ThreadPoolExecutor$Worker.run(ThreadPoolExecutor.java:659) ~[tomcat-embed-core-10.1.8.jar:10.1.8]
	at org.apache.tomcat.util.threads.TaskThread$WrappingRunnable.run(TaskThread.java:61) ~[tomcat-embed-core-10.1.8.jar:10.1.8]
	at java.base/java.lang.Thread.run(Thread.java:833) ~[na:na]

2023-05-29T10:53:04.185-05:00  INFO 9928 --- [http-nio-8080-exec-3] c.e.s.controller.ClienteController       : este es el clientecom.example.springbootapirestbacked.model.Cliente@601a91f2
2023-05-29T10:55:32.191-05:00  INFO 9928 --- [http-nio-8080-exec-7] c.e.s.controller.ClienteController       : este es el clientecom.example.springbootapirestbacked.model.Cliente@6113655e
2023-05-29T10:56:33.530-05:00  INFO 9928 --- [http-nio-8080-exec-9] c.e.s.controller.ClienteController       : este es el clientecom.example.springbootapirestbacked.model.Cliente@3c691a9d
2023-05-29T10:58:53.319-05:00  INFO 9928 --- [http-nio-8080-exec-5] c.e.s.controller.ClienteController       : este es el clientecom.example.springbootapirestbacked.model.Cliente@4bbbefd9
2023-05-29T11:00:27.777-05:00  INFO 9928 --- [http-nio-8080-exec-1] c.e.s.controller.ClienteController       : este es el clientecom.example.springbootapirestbacked.model.Cliente@20bf53b5
2023-05-29T11:04:31.365-05:00  INFO 9928 --- [http-nio-8080-exec-6] c.e.s.controller.ClienteController       : este es el clientecom.example.springbootapirestbacked.model.Cliente@4c070a74
2023-05-29T11:05:04.239-05:00  INFO 9928 --- [http-nio-8080-exec-7] c.e.s.controller.ClienteController       : este es el clientecom.example.springbootapirestbacked.model.Cliente@38a273a6
2023-05-29T11:06:06.596-05:00  INFO 9928 --- [http-nio-8080-exec-2] c.e.s.controller.ClienteController       : este es el clientecom.example.springbootapirestbacked.model.Cliente@595fadeb
2023-05-29T11:06:11.698-05:00  INFO 9928 --- [http-nio-8080-exec-4] c.e.s.controller.ClienteController       : este es el clientecom.example.springbootapirestbacked.model.Cliente@50ce145c
2023-05-29T11:06:25.463-05:00  INFO 9928 --- [http-nio-8080-exec-1] c.e.s.controller.ClienteController       : este es el clientecom.example.springbootapirestbacked.model.Cliente@3765e27a
2023-05-29T11:06:56.050-05:00  INFO 9928 --- [http-nio-8080-exec-8] c.e.s.controller.ClienteController       : este es el clientecom.example.springbootapirestbacked.model.Cliente@4faacb3c
2023-05-29T11:06:58.287-05:00  INFO 9928 --- [http-nio-8080-exec-7] c.e.s.controller.ClienteController       : este es el clientecom.example.springbootapirestbacked.model.Cliente@4a5a5f21
2023-05-29T11:13:23.105-05:00  INFO 9928 --- [http-nio-8080-exec-8] c.e.s.controller.ClienteController       : este es el clientecom.example.springbootapirestbacked.model.Cliente@7113e6f3
2023-05-29T11:13:36.975-05:00  INFO 9928 --- [http-nio-8080-exec-5] c.e.s.controller.ClienteController       : este es el clientecom.example.springbootapirestbacked.model.Cliente@345a5dfc
2023-05-29T11:14:11.416-05:00  INFO 9928 --- [http-nio-8080-exec-4] c.e.s.controller.ClienteController       : este es el clientecom.example.springbootapirestbacked.model.Cliente@4d96a68c
2023-05-29T11:14:17.525-05:00  INFO 9928 --- [http-nio-8080-exec-9] c.e.s.controller.ClienteController       : este es el clientecom.example.springbootapirestbacked.model.Cliente@c800764
2023-05-29T11:14:27.850-05:00  INFO 9928 --- [http-nio-8080-exec-2] c.e.s.controller.ClienteController       : este es el clientecom.example.springbootapirestbacked.model.Cliente@1201bf03
2023-05-29T11:14:37.036-05:00  INFO 9928 --- [http-nio-8080-exec-1] c.e.s.controller.ClienteController       : este es el clientecom.example.springbootapirestbacked.model.Cliente@58403516
2023-05-29T11:15:37.938-05:00  INFO 9928 --- [http-nio-8080-exec-8] c.e.s.controller.ClienteController       : este es el clientecom.example.springbootapirestbacked.model.Cliente@7570bdb4
2023-05-29T11:15:46.406-05:00  INFO 9928 --- [http-nio-8080-exec-5] c.e.s.controller.ClienteController       : este es el clientecom.example.springbootapirestbacked.model.Cliente@dbfa01b
2023-05-29T11:15:50.946-05:00  INFO 9928 --- [http-nio-8080-exec-7] c.e.s.controller.ClienteController       : este es el clientecom.example.springbootapirestbacked.model.Cliente@5f28fa23
2023-05-29T11:16:51.443-05:00  INFO 9928 --- [http-nio-8080-exec-4] c.e.s.controller.ClienteController       : este es el clientecom.example.springbootapirestbacked.model.Cliente@66a9317a
2023-05-29T11:17:29.270-05:00  INFO 9928 --- [http-nio-8080-exec-1] c.e.s.controller.ClienteController       : este es el clientecom.example.springbootapirestbacked.model.Cliente@5aed20cc
2023-05-29T11:21:05.576-05:00  INFO 9928 --- [http-nio-8080-exec-7] c.e.s.controller.ClienteController       : este es el clientecom.example.springbootapirestbacked.model.Cliente@1bcdfc4d
2023-05-29T11:22:16.585-05:00  INFO 9928 --- [http-nio-8080-exec-4] c.e.s.controller.ClienteController       : este es el clientecom.example.springbootapirestbacked.model.Cliente@7d8f7c81
2023-05-29T11:23:47.502-05:00  INFO 9928 --- [http-nio-8080-exec-6] c.e.s.controller.ClienteController       : este es el clientecom.example.springbootapirestbacked.model.Cliente@59c499f6
2023-05-29T11:23:51.791-05:00  INFO 9928 --- [http-nio-8080-exec-4] c.e.s.controller.ClienteController       : este es el clientecom.example.springbootapirestbacked.model.Cliente@395f1f9e
2023-05-29T11:25:38.152-05:00  INFO 9928 --- [http-nio-8080-exec-3] c.e.s.controller.ClienteController       : este es el clientecom.example.springbootapirestbacked.model.Cliente@57cb1c5a
2023-05-29T11:31:46.597-05:00  INFO 9928 --- [http-nio-8080-exec-1] c.e.s.controller.ClienteController       : este es el clientecom.example.springbootapirestbacked.model.Cliente@6d526129
2023-05-29T11:32:01.679-05:00  INFO 9928 --- [http-nio-8080-exec-6] c.e.s.controller.ClienteController       : este es el clientecom.example.springbootapirestbacked.model.Cliente@3e9bbc41
2023-05-29T11:32:14.172-05:00  INFO 9928 --- [http-nio-8080-exec-10] c.e.s.controller.ClienteController       : este es el clientecom.example.springbootapirestbacked.model.Cliente@71a62b33
2023-05-29T11:35:22.728-05:00  INFO 9928 --- [http-nio-8080-exec-1] c.e.s.controller.ClienteController       : este es el clientecom.example.springbootapirestbacked.model.Cliente@6d96d7a0
2023-05-29T11:35:39.743-05:00  WARN 9928 --- [http-nio-8080-exec-7] o.h.engine.jdbc.spi.SqlExceptionHelper   : SQL Error: 1062, SQLState: 23000
2023-05-29T11:35:39.743-05:00 ERROR 9928 --- [http-nio-8080-exec-7] o.h.engine.jdbc.spi.SqlExceptionHelper   : Duplicate entry 'gabo@gmail.comm' for key 'UK_1c96wv36rk2hwui7qhjks3mvg'
2023-05-29T11:35:39.745-05:00 ERROR 9928 --- [http-nio-8080-exec-7] c.e.s.controller.ClienteController       : org.springframework.dao.DataIntegrityViolationException: could not execute statement; SQL [n/a]; constraint [UK_1c96wv36rk2hwui7qhjks3mvg]
2023-05-29T11:36:25.902-05:00  INFO 9928 --- [http-nio-8080-exec-3] c.e.s.controller.ClienteController       : este es el clientecom.example.springbootapirestbacked.model.Cliente@1515a1d1
2023-05-29T11:36:30.777-05:00  INFO 9928 --- [http-nio-8080-exec-4] c.e.s.controller.ClienteController       : este es el clientecom.example.springbootapirestbacked.model.Cliente@153e0bef
2023-05-29T11:36:48.415-05:00  INFO 9928 --- [http-nio-8080-exec-3] c.e.s.controller.ClienteController       : este es el clientecom.example.springbootapirestbacked.model.Cliente@3c2a9eb7
2023-05-29T11:36:56.422-05:00  INFO 9928 --- [http-nio-8080-exec-10] c.e.s.controller.ClienteController       : este es el clientecom.example.springbootapirestbacked.model.Cliente@28f0c601
2023-05-29T11:42:26.574-05:00  INFO 9928 --- [http-nio-8080-exec-8] c.e.s.controller.ClienteController       : este es el clientecom.example.springbootapirestbacked.model.Cliente@789619c9
2023-05-29T11:42:31.465-05:00  INFO 9928 --- [http-nio-8080-exec-2] c.e.s.controller.ClienteController       : este es el clientecom.example.springbootapirestbacked.model.Cliente@3170d385
2023-05-29T11:42:36.359-05:00  INFO 9928 --- [http-nio-8080-exec-8] c.e.s.controller.ClienteController       : este es el clientecom.example.springbootapirestbacked.model.Cliente@5a5197d5
2023-05-29T11:42:43.281-05:00  INFO 9928 --- [http-nio-8080-exec-2] c.e.s.controller.ClienteController       : este es el clientecom.example.springbootapirestbacked.model.Cliente@1b847fb5
2023-05-29T11:43:36.869-05:00  INFO 9928 --- [http-nio-8080-exec-10] c.e.s.controller.ClienteController       : este es el clientecom.example.springbootapirestbacked.model.Cliente@49472fc4
2023-05-29T11:43:41.510-05:00  INFO 9928 --- [http-nio-8080-exec-7] c.e.s.controller.ClienteController       : este es el clientecom.example.springbootapirestbacked.model.Cliente@13bb5f9d
2023-05-29T11:44:22.228-05:00  INFO 9928 --- [http-nio-8080-exec-10] c.e.s.controller.ClienteController       : este es el clientecom.example.springbootapirestbacked.model.Cliente@6162c907
2023-05-29T11:44:27.084-05:00  INFO 9928 --- [http-nio-8080-exec-6] c.e.s.controller.ClienteController       : este es el clientecom.example.springbootapirestbacked.model.Cliente@59a7168
2023-05-29T11:44:33.518-05:00  INFO 9928 --- [http-nio-8080-exec-5] c.e.s.controller.ClienteController       : este es el clientecom.example.springbootapirestbacked.model.Cliente@291f5dee
2023-05-29T11:44:57.125-05:00  INFO 9928 --- [http-nio-8080-exec-5] c.e.s.controller.ClienteController       : este es el clientecom.example.springbootapirestbacked.model.Cliente@7a71a865
2023-05-29T11:47:38.528-05:00  INFO 9928 --- [http-nio-8080-exec-4] c.e.s.controller.ClienteController       : este es el clientecom.example.springbootapirestbacked.model.Cliente@619419a2
2023-05-29T11:50:02.044-05:00  INFO 9928 --- [http-nio-8080-exec-10] c.e.s.controller.ClienteController       : este es el clientecom.example.springbootapirestbacked.model.Cliente@576674e9
2023-05-29T11:50:11.317-05:00  INFO 9928 --- [http-nio-8080-exec-7] c.e.s.controller.ClienteController       : este es el clientecom.example.springbootapirestbacked.model.Cliente@72aca6fa
2023-05-29T11:53:28.336-05:00  INFO 9928 --- [http-nio-8080-exec-4] c.e.s.controller.ClienteController       : este es el clientecom.example.springbootapirestbacked.model.Cliente@f0af541
2023-05-29T11:53:36.846-05:00  INFO 9928 --- [http-nio-8080-exec-10] c.e.s.controller.ClienteController       : este es el clientecom.example.springbootapirestbacked.model.Cliente@601bf525
2023-05-29T11:53:41.027-05:00  INFO 9928 --- [http-nio-8080-exec-6] c.e.s.controller.ClienteController       : este es el clientecom.example.springbootapirestbacked.model.Cliente@79a8485d
2023-05-29T11:56:42.394-05:00  INFO 9928 --- [http-nio-8080-exec-10] c.e.s.controller.ClienteController       : este es el clientecom.example.springbootapirestbacked.model.Cliente@68db8d08
2023-05-29T11:56:47.823-05:00  INFO 9928 --- [http-nio-8080-exec-6] c.e.s.controller.ClienteController       : este es el clientecom.example.springbootapirestbacked.model.Cliente@671f03ca
2023-05-29T11:58:48.245-05:00  INFO 9928 --- [http-nio-8080-exec-8] c.e.s.controller.ClienteController       : este es el clientecom.example.springbootapirestbacked.model.Cliente@d6bf894
2023-05-29T12:09:49.168-05:00  INFO 9928 --- [http-nio-8080-exec-1] c.e.s.controller.ClienteController       : este es el clientecom.example.springbootapirestbacked.model.Cliente@54e20778
2023-05-29T12:09:57.696-05:00  INFO 9928 --- [http-nio-8080-exec-3] c.e.s.controller.ClienteController       : este es el clientecom.example.springbootapirestbacked.model.Cliente@6a2471ac
2023-05-29T12:11:37.803-05:00  INFO 9928 --- [http-nio-8080-exec-7] c.e.s.controller.ClienteController       : este es el clientecom.example.springbootapirestbacked.model.Cliente@4c85c729
2023-05-29T12:20:30.464-05:00  WARN 9928 --- [HikariPool-1 housekeeper] com.zaxxer.hikari.pool.HikariPool        : HikariPool-1 - Thread starvation or clock leap detected (housekeeper delta=5m32s909ms871µs500ns).
2023-05-29T13:15:06.142-05:00  WARN 9928 --- [HikariPool-1 housekeeper] com.zaxxer.hikari.pool.HikariPool        : HikariPool-1 - Thread starvation or clock leap detected (housekeeper delta=54m43s642ms325µs700ns).
2023-05-29T13:20:30.643-05:00  INFO 9928 --- [http-nio-8080-exec-5] c.e.s.controller.ClienteController       : este es el clientecom.example.springbootapirestbacked.model.Cliente@469579ee
2023-05-29T13:20:49.895-05:00  INFO 9928 --- [http-nio-8080-exec-2] c.e.s.controller.ClienteController       : este es el clientecom.example.springbootapirestbacked.model.Cliente@44f5cc4c
2023-05-29T13:20:57.394-05:00  INFO 9928 --- [http-nio-8080-exec-1] c.e.s.controller.ClienteController       : este es el clientecom.example.springbootapirestbacked.model.Cliente@39bd6756
2023-05-29T13:21:05.111-05:00  INFO 9928 --- [http-nio-8080-exec-9] c.e.s.controller.ClienteController       : este es el clientecom.example.springbootapirestbacked.model.Cliente@edf56e5
2023-05-29T13:23:24.947-05:00  INFO 9928 --- [http-nio-8080-exec-5] c.e.s.controller.ClienteController       : este es el clientecom.example.springbootapirestbacked.model.Cliente@28b74c3f
2023-05-29T13:23:34.589-05:00  INFO 9928 --- [http-nio-8080-exec-9] c.e.s.controller.ClienteController       : este es el clientecom.example.springbootapirestbacked.model.Cliente@6b4362aa
2023-05-29T13:24:54.872-05:00  INFO 9928 --- [http-nio-8080-exec-5] c.e.s.controller.ClienteController       : este es el clientecom.example.springbootapirestbacked.model.Cliente@715f0e4d
2023-05-29T13:27:03.704-05:00  INFO 9928 --- [http-nio-8080-exec-7] c.e.s.controller.ClienteController       : este es el clientecom.example.springbootapirestbacked.model.Cliente@66bcbbbb
2023-05-29T13:27:20.976-05:00  INFO 9928 --- [http-nio-8080-exec-6] c.e.s.controller.ClienteController       : este es el clientecom.example.springbootapirestbacked.model.Cliente@79509c5d
2023-05-29T13:27:55.071-05:00  INFO 9928 --- [http-nio-8080-exec-2] c.e.s.controller.ClienteController       : este es el clientecom.example.springbootapirestbacked.model.Cliente@5be7fa55
2023-05-29T13:32:27.646-05:00  INFO 9928 --- [http-nio-8080-exec-1] c.e.s.controller.ClienteController       : este es el clientecom.example.springbootapirestbacked.model.Cliente@4b3ab952
2023-05-29T13:33:15.369-05:00  INFO 9928 --- [http-nio-8080-exec-9] c.e.s.controller.ClienteController       : este es el clientecom.example.springbootapirestbacked.model.Cliente@49d3db80
2023-05-29T13:33:41.812-05:00  INFO 9928 --- [http-nio-8080-exec-1] c.e.s.controller.ClienteController       : este es el clientecom.example.springbootapirestbacked.model.Cliente@25a3878c
2023-05-29T13:34:03.825-05:00  INFO 9928 --- [http-nio-8080-exec-5] c.e.s.controller.ClienteController       : este es el clientecom.example.springbootapirestbacked.model.Cliente@32874a42
2023-05-29T13:37:04.808-05:00  INFO 9928 --- [http-nio-8080-exec-8] c.e.s.controller.ClienteController       : este es el clientecom.example.springbootapirestbacked.model.Cliente@83904b2
2023-05-29T13:44:03.819-05:00  INFO 9928 --- [http-nio-8080-exec-3] c.e.s.controller.ClienteController       : este es el clientecom.example.springbootapirestbacked.model.Cliente@179d3f29
2023-05-29T13:44:19.223-05:00  INFO 9928 --- [http-nio-8080-exec-8] c.e.s.controller.ClienteController       : este es el clientecom.example.springbootapirestbacked.model.Cliente@834797d
2023-05-29T13:44:48.765-05:00  INFO 9928 --- [http-nio-8080-exec-3] c.e.s.controller.ClienteController       : este es el clientecom.example.springbootapirestbacked.model.Cliente@4bcd966
2023-05-29T13:44:51.811-05:00  INFO 9928 --- [http-nio-8080-exec-10] c.e.s.controller.ClienteController       : este es el clientecom.example.springbootapirestbacked.model.Cliente@21202570
2023-05-29T13:45:00.857-05:00  INFO 9928 --- [http-nio-8080-exec-4] c.e.s.controller.ClienteController       : este es el clientecom.example.springbootapirestbacked.model.Cliente@1d04d5d
2023-05-29T14:00:54.578-05:00  WARN 9928 --- [HikariPool-1 housekeeper] com.zaxxer.hikari.pool.HikariPool        : HikariPool-1 - Thread starvation or clock leap detected (housekeeper delta=11m47s889ms261µs600ns).
2023-05-29T14:04:51.430-05:00  INFO 9928 --- [http-nio-8080-exec-8] c.e.s.controller.ClienteController       : este es el clientecom.example.springbootapirestbacked.model.Cliente@7f6ff8c9
2023-05-29T14:06:44.116-05:00  INFO 9928 --- [http-nio-8080-exec-2] c.e.s.controller.ClienteController       : este es el clientecom.example.springbootapirestbacked.model.Cliente@66135aa3
2023-05-29T14:07:12.152-05:00  INFO 9928 --- [http-nio-8080-exec-7] c.e.s.controller.ClienteController       : este es el clientecom.example.springbootapirestbacked.model.Cliente@1a9dcadb
2023-05-29T14:07:17.619-05:00  INFO 9928 --- [http-nio-8080-exec-4] c.e.s.controller.ClienteController       : este es el clientecom.example.springbootapirestbacked.model.Cliente@617c7776
2023-05-29T14:07:31.949-05:00  INFO 9928 --- [http-nio-8080-exec-2] c.e.s.controller.ClienteController       : este es el clientecom.example.springbootapirestbacked.model.Cliente@43adaaea
2023-05-29T14:07:48.042-05:00  INFO 9928 --- [http-nio-8080-exec-7] c.e.s.controller.ClienteController       : este es el clientecom.example.springbootapirestbacked.model.Cliente@594a473f
2023-05-29T14:08:05.582-05:00  INFO 9928 --- [http-nio-8080-exec-2] c.e.s.controller.ClienteController       : este es el clientecom.example.springbootapirestbacked.model.Cliente@3ea647e9
2023-05-29T14:13:02.011-05:00  INFO 9928 --- [http-nio-8080-exec-6] c.e.s.controller.ClienteController       : este es el clientecom.example.springbootapirestbacked.model.Cliente@dce4239
2023-05-29T14:14:25.993-05:00  INFO 9928 --- [http-nio-8080-exec-1] c.e.s.controller.ClienteController       : este es el clientecom.example.springbootapirestbacked.model.Cliente@369c75a6
2023-05-29T14:14:29.634-05:00  INFO 9928 --- [http-nio-8080-exec-4] c.e.s.controller.ClienteController       : este es el clientecom.example.springbootapirestbacked.model.Cliente@15d7bc22
2023-05-29T14:14:52.715-05:00  INFO 9928 --- [http-nio-8080-exec-6] c.e.s.controller.ClienteController       : este es el clientecom.example.springbootapirestbacked.model.Cliente@2d55518b
2023-05-29T14:14:53.769-05:00  INFO 9928 --- [http-nio-8080-exec-9] c.e.s.controller.ClienteController       : este es el clientecom.example.springbootapirestbacked.model.Cliente@20175ee9
2023-05-29T14:14:54.764-05:00  INFO 9928 --- [http-nio-8080-exec-2] c.e.s.controller.ClienteController       : este es el clientecom.example.springbootapirestbacked.model.Cliente@4acb23c1
2023-05-29T14:14:54.988-05:00  INFO 9928 --- [http-nio-8080-exec-8] c.e.s.controller.ClienteController       : este es el clientecom.example.springbootapirestbacked.model.Cliente@dae8260
2023-05-29T14:14:55.468-05:00  INFO 9928 --- [http-nio-8080-exec-7] c.e.s.controller.ClienteController       : este es el clientecom.example.springbootapirestbacked.model.Cliente@654d9d78
2023-05-29T14:15:46.611-05:00  INFO 9928 --- [http-nio-8080-exec-6] c.e.s.controller.ClienteController       : este es el clientecom.example.springbootapirestbacked.model.Cliente@3f4cdc10
2023-05-29T14:15:46.843-05:00  INFO 9928 --- [http-nio-8080-exec-9] c.e.s.controller.ClienteController       : este es el clientecom.example.springbootapirestbacked.model.Cliente@61c84ffd
2023-05-29T14:15:54.595-05:00  INFO 9928 --- [http-nio-8080-exec-1] c.e.s.controller.ClienteController       : este es el clientecom.example.springbootapirestbacked.model.Cliente@1eeb20a3
2023-05-29T14:16:29.703-05:00  INFO 9928 --- [http-nio-8080-exec-3] c.e.s.controller.ClienteController       : este es el clientecom.example.springbootapirestbacked.model.Cliente@57448946
2023-05-29T14:16:30.062-05:00  INFO 9928 --- [http-nio-8080-exec-10] c.e.s.controller.ClienteController       : este es el clientecom.example.springbootapirestbacked.model.Cliente@4e214da0
2023-05-29T14:16:34.385-05:00  INFO 9928 --- [http-nio-8080-exec-8] c.e.s.controller.ClienteController       : este es el clientecom.example.springbootapirestbacked.model.Cliente@70adf32e
2023-05-29T14:17:34.926-05:00  INFO 9928 --- [http-nio-8080-exec-5] c.e.s.controller.ClienteController       : este es el clientecom.example.springbootapirestbacked.model.Cliente@61635489
2023-05-29T14:17:35.270-05:00  INFO 9928 --- [http-nio-8080-exec-9] c.e.s.controller.ClienteController       : este es el clientecom.example.springbootapirestbacked.model.Cliente@4353fa53
2023-05-29T14:20:14.625-05:00  INFO 9928 --- [http-nio-8080-exec-4] c.e.s.controller.ClienteController       : este es el clientecom.example.springbootapirestbacked.model.Cliente@2a41200d
2023-05-29T14:29:02.588-05:00  WARN 9928 --- [HikariPool-1 housekeeper] com.zaxxer.hikari.pool.HikariPool        : HikariPool-1 - Thread starvation or clock leap detected (housekeeper delta=2m7s602ms238µs400ns).
2023-05-29T14:34:10.485-05:00  INFO 9928 --- [http-nio-8080-exec-3] c.e.s.controller.ClienteController       : este es el clientecom.example.springbootapirestbacked.model.Cliente@5c95ced7
2023-05-29T14:34:10.614-05:00  INFO 9928 --- [http-nio-8080-exec-9] c.e.s.controller.ClienteController       : este es el clientecom.example.springbootapirestbacked.model.Cliente@12e931ec
2023-05-29T14:34:10.649-05:00  INFO 9928 --- [http-nio-8080-exec-1] c.e.s.controller.ClienteController       : este es el clientecom.example.springbootapirestbacked.model.Cliente@7080e052
2023-05-29T14:35:45.496-05:00  INFO 9928 --- [http-nio-8080-exec-6] c.e.s.controller.ClienteController       : este es el clientecom.example.springbootapirestbacked.model.Cliente@4fa2d18b
2023-05-29T14:35:45.561-05:00  INFO 9928 --- [http-nio-8080-exec-10] c.e.s.controller.ClienteController       : este es el clientecom.example.springbootapirestbacked.model.Cliente@45b2b6dd
2023-05-29T14:35:45.685-05:00  INFO 9928 --- [http-nio-8080-exec-2] c.e.s.controller.ClienteController       : este es el clientecom.example.springbootapirestbacked.model.Cliente@dbf4db3
2023-05-29T14:35:57.643-05:00  INFO 9928 --- [http-nio-8080-exec-4] c.e.s.controller.ClienteController       : este es el clientecom.example.springbootapirestbacked.model.Cliente@1304a3d4
2023-05-29T14:36:30.258-05:00  INFO 9928 --- [http-nio-8080-exec-5] c.e.s.controller.ClienteController       : este es el clientecom.example.springbootapirestbacked.model.Cliente@51dae390
2023-05-29T14:36:30.331-05:00  INFO 9928 --- [http-nio-8080-exec-3] c.e.s.controller.ClienteController       : este es el clientecom.example.springbootapirestbacked.model.Cliente@4ec5bab4
2023-05-29T14:36:30.389-05:00  INFO 9928 --- [http-nio-8080-exec-9] c.e.s.controller.ClienteController       : este es el clientecom.example.springbootapirestbacked.model.Cliente@7d27a1ff
2023-05-29T14:36:49.166-05:00  INFO 9928 --- [http-nio-8080-exec-4] c.e.s.controller.ClienteController       : este es el clientecom.example.springbootapirestbacked.model.Cliente@77795fba
2023-05-29T14:36:49.319-05:00  INFO 9928 --- [http-nio-8080-exec-10] c.e.s.controller.ClienteController       : este es el clientecom.example.springbootapirestbacked.model.Cliente@3f7080c5
2023-05-29T14:42:27.131-05:00  INFO 9928 --- [http-nio-8080-exec-1] c.e.s.controller.ClienteController       : este es el clientecom.example.springbootapirestbacked.model.Cliente@587ef7c4
2023-05-29T14:42:27.312-05:00  INFO 9928 --- [http-nio-8080-exec-6] c.e.s.controller.ClienteController       : este es el clientecom.example.springbootapirestbacked.model.Cliente@258c7534
2023-05-29T14:51:12.817-05:00  INFO 9928 --- [http-nio-8080-exec-9] c.e.s.controller.ClienteController       : este es el clientecom.example.springbootapirestbacked.model.Cliente@6c566d7
2023-05-29T14:51:12.989-05:00  INFO 9928 --- [http-nio-8080-exec-8] c.e.s.controller.ClienteController       : este es el clientecom.example.springbootapirestbacked.model.Cliente@3a7aef01
2023-05-29T14:51:49.447-05:00  INFO 9928 --- [http-nio-8080-exec-1] c.e.s.controller.ClienteController       : este es el clientecom.example.springbootapirestbacked.model.Cliente@771b19d6
2023-05-29T14:55:20.089-05:00  INFO 9928 --- [http-nio-8080-exec-8] c.e.s.controller.ClienteController       : este es el clientecom.example.springbootapirestbacked.model.Cliente@2bddb9f5
2023-05-29T14:55:20.219-05:00  INFO 9928 --- [http-nio-8080-exec-6] c.e.s.controller.ClienteController       : este es el clientecom.example.springbootapirestbacked.model.Cliente@416cdcd
2023-05-29T14:55:25.660-05:00  INFO 9928 --- [http-nio-8080-exec-4] c.e.s.controller.ClienteController       : este es el clientecom.example.springbootapirestbacked.model.Cliente@5fa67c29
2023-05-29T14:55:33.113-05:00  INFO 9928 --- [http-nio-8080-exec-9] c.e.s.controller.ClienteController       : este es el clientecom.example.springbootapirestbacked.model.Cliente@1e3391b4
2023-05-29T15:01:45.761-05:00  INFO 9928 --- [http-nio-8080-exec-5] c.e.s.controller.ClienteController       : este es el clientecom.example.springbootapirestbacked.model.Cliente@63e5a408
2023-05-29T15:01:45.928-05:00  INFO 9928 --- [http-nio-8080-exec-2] c.e.s.controller.ClienteController       : este es el clientecom.example.springbootapirestbacked.model.Cliente@57a9f37d
2023-05-29T15:01:50.095-05:00  INFO 9928 --- [http-nio-8080-exec-9] c.e.s.controller.ClienteController       : este es el clientecom.example.springbootapirestbacked.model.Cliente@47ac3b9
2023-05-29T15:02:09.847-05:00  INFO 9928 --- [http-nio-8080-exec-3] c.e.s.controller.ClienteController       : este es el clientecom.example.springbootapirestbacked.model.Cliente@691e9a77
2023-05-29T15:02:24.672-05:00  INFO 9928 --- [http-nio-8080-exec-2] c.e.s.controller.ClienteController       : este es el clientecom.example.springbootapirestbacked.model.Cliente@4e0d3679
2023-05-29T15:03:12.054-05:00  INFO 9928 --- [http-nio-8080-exec-6] c.e.s.controller.ClienteController       : este es el clientecom.example.springbootapirestbacked.model.Cliente@248b419e
