2023-11-22T15:28:30.724-05:00  INFO 22732 --- [restartedMain] c.e.s.SpringbootApirestBackedApplication : Starting SpringbootApirestBackedApplication using Java 17.0.5 with PID 22732 (C:\Users\Oscar Jesus Sanabria\Documents\GitHub\Projects-Jav-springboot\Full-curso-bdb-angular-spring-all\8_JWT\springboot-apirest-backed\target\classes started by Oscar Jesus Sanabria in C:\Users\Oscar Jesus Sanabria\Documents\GitHub\Projects-Jav-springboot\Full-curso-bdb-angular-spring-all\8_JWT\springboot-apirest-backed)
2023-11-22T15:28:30.733-05:00  INFO 22732 --- [restartedMain] c.e.s.SpringbootApirestBackedApplication : No active profile set, falling back to 1 default profile: "default"
2023-11-22T15:28:30.788-05:00  INFO 22732 --- [restartedMain] .e.DevToolsPropertyDefaultsPostProcessor : Devtools property defaults active! Set 'spring.devtools.add-properties' to 'false' to disable
2023-11-22T15:28:30.789-05:00  INFO 22732 --- [restartedMain] .e.DevToolsPropertyDefaultsPostProcessor : For additional web related logging consider setting the 'logging.level.web' property to 'DEBUG'
2023-11-22T15:28:31.443-05:00  INFO 22732 --- [restartedMain] .s.d.r.c.RepositoryConfigurationDelegate : Bootstrapping Spring Data JPA repositories in DEFAULT mode.
2023-11-22T15:28:31.490-05:00  INFO 22732 --- [restartedMain] .s.d.r.c.RepositoryConfigurationDelegate : Finished Spring Data repository scanning in 40 ms. Found 1 JPA repository interfaces.
2023-11-22T15:28:32.021-05:00  INFO 22732 --- [restartedMain] o.s.b.w.embedded.tomcat.TomcatWebServer  : Tomcat initialized with port(s): 8080 (http)
2023-11-22T15:28:32.028-05:00  INFO 22732 --- [restartedMain] o.apache.catalina.core.StandardService   : Starting service [Tomcat]
2023-11-22T15:28:32.029-05:00  INFO 22732 --- [restartedMain] o.apache.catalina.core.StandardEngine    : Starting Servlet engine: [Apache Tomcat/10.1.8]
2023-11-22T15:28:32.076-05:00  INFO 22732 --- [restartedMain] o.a.c.c.C.[Tomcat].[localhost].[/]       : Initializing Spring embedded WebApplicationContext
2023-11-22T15:28:32.076-05:00  INFO 22732 --- [restartedMain] w.s.c.ServletWebServerApplicationContext : Root WebApplicationContext: initialization completed in 1287 ms
2023-11-22T15:28:32.206-05:00  INFO 22732 --- [restartedMain] o.hibernate.jpa.internal.util.LogHelper  : HHH000204: Processing PersistenceUnitInfo [name: default]
2023-11-22T15:28:32.253-05:00  INFO 22732 --- [restartedMain] org.hibernate.Version                    : HHH000412: Hibernate ORM core version 6.1.7.Final
2023-11-22T15:28:32.463-05:00  INFO 22732 --- [restartedMain] com.zaxxer.hikari.HikariDataSource       : HikariPool-1 - Starting...
2023-11-22T15:28:32.574-05:00  INFO 22732 --- [restartedMain] com.zaxxer.hikari.pool.HikariPool        : HikariPool-1 - Added connection com.mysql.cj.jdbc.ConnectionImpl@5b675439
2023-11-22T15:28:32.576-05:00  INFO 22732 --- [restartedMain] com.zaxxer.hikari.HikariDataSource       : HikariPool-1 - Start completed.
2023-11-22T15:28:32.610-05:00  WARN 22732 --- [restartedMain] org.hibernate.dialect.Dialect            : HHH000511: The 5.5.0 version for [org.hibernate.dialect.MySQLDialect] is no longer supported, hence certain features may not work properly. The minimum supported version is 5.7.0. Check the community dialects project for available legacy versions.
2023-11-22T15:28:32.614-05:00  INFO 22732 --- [restartedMain] SQL dialect                              : HHH000400: Using dialect: org.hibernate.dialect.MySQLDialect
2023-11-22T15:28:33.272-05:00  INFO 22732 --- [restartedMain] o.h.e.t.j.p.i.JtaPlatformInitiator       : HHH000490: Using JtaPlatform implementation: [org.hibernate.engine.transaction.jta.platform.internal.NoJtaPlatform]
2023-11-22T15:28:33.279-05:00  INFO 22732 --- [restartedMain] j.LocalContainerEntityManagerFactoryBean : Initialized JPA EntityManagerFactory for persistence unit 'default'
2023-11-22T15:28:33.718-05:00  WARN 22732 --- [restartedMain] JpaBaseConfiguration$JpaWebConfiguration : spring.jpa.open-in-view is enabled by default. Therefore, database queries may be performed during view rendering. Explicitly configure spring.jpa.open-in-view to disable this warning
2023-11-22T15:28:33.982-05:00  INFO 22732 --- [restartedMain] o.s.b.d.a.OptionalLiveReloadServer       : LiveReload server is running on port 35729
2023-11-22T15:28:34.009-05:00  INFO 22732 --- [restartedMain] o.s.b.w.embedded.tomcat.TomcatWebServer  : Tomcat started on port(s): 8080 (http) with context path ''
2023-11-22T15:28:34.018-05:00  INFO 22732 --- [restartedMain] c.e.s.SpringbootApirestBackedApplication : Started SpringbootApirestBackedApplication in 3.667 seconds (process running for 4.051)
2023-11-22T15:31:12.438-05:00  INFO 22732 --- [http-nio-8080-exec-1] o.a.c.c.C.[Tomcat].[localhost].[/]       : Initializing Spring DispatcherServlet 'dispatcherServlet'
2023-11-22T15:31:12.439-05:00  INFO 22732 --- [http-nio-8080-exec-1] o.s.web.servlet.DispatcherServlet        : Initializing Servlet 'dispatcherServlet'
2023-11-22T15:31:12.441-05:00  INFO 22732 --- [http-nio-8080-exec-1] o.s.web.servlet.DispatcherServlet        : Completed initialization in 2 ms
2023-11-22T15:32:23.587-05:00  INFO 22732 --- [SpringApplicationShutdownHook] j.LocalContainerEntityManagerFactoryBean : Closing JPA EntityManagerFactory for persistence unit 'default'
2023-11-22T15:32:23.590-05:00  INFO 22732 --- [SpringApplicationShutdownHook] com.zaxxer.hikari.HikariDataSource       : HikariPool-1 - Shutdown initiated...
2023-11-22T15:32:23.595-05:00  INFO 22732 --- [SpringApplicationShutdownHook] com.zaxxer.hikari.HikariDataSource       : HikariPool-1 - Shutdown completed.
